<?xml version="1.0" encoding="utf-8"?><testsuites name="pytest tests"><testsuite name="pytest" errors="0" failures="0" skipped="0" tests="18" time="3.484" timestamp="2026-08-09T19:56:30.451643+00:00" hostname="agent-env-ecc48b74-f010-4ac4-ad40-4999b9ebdf0d"><testcase classname="tests.test_admin_support_inbox.TestResolveReopen" name="test_resolve_and_idempotent" time="1.466" /><testcase classname="tests.test_admin_support_inbox.TestListing" name="test_list_all_shape" time="1.420" /><testcase classname="tests.test_admin_support_inbox.TestListing" name="test_list_open_only" time="0.103" /><testcase classname="tests.test_admin_support_inbox.TestResolveReopen" name="test_reopen" time="0.105" /><testcase classname="tests.test_admin_support_inbox.TestListing" name="test_list_resolved_only" time="0.140" /><testcase classname="tests.test_admin_support_inbox.TestResolveReopen" name="test_resolve_unknown_404" time="0.107" /><testcase classname="tests.test_admin_support_inbox.TestListing" name="test_search_q_filter" time="0.102" /><testcase classname="tests.test_admin_support_inbox.TestResolveReopen" name="test_reopen_unknown_404" time="0.138" /><testcase classname="tests.test_admin_support_inbox.TestListing" name="test_pagination_limit_caps_at_100" time="0.110" /><testcase classname="tests.test_admin_support_inbox.TestReply" name="test_reply_appends_and_marks_resolved" time="0.257" /><testcase classname="tests.test_admin_support_inbox.TestListing" name="test_pagination_skip" time="0.143" /><testcase classname="tests.test_admin_support_inbox.TestAuthGate" name="test_unauth_returns_401" time="0.095" /><testcase classname="tests.test_admin_support_inbox.TestReply" name="test_reply_no_mark_resolved_stays_open" time="0.247" /><testcase classname="tests.test_admin_support_inbox.TestAuthGate" name="test_non_admin_returns_403" time="0.100" /><testcase classname="tests.test_admin_support_inbox.TestDelete" name="test_delete_and_confirm_removed" time="0.287" /><testcase classname="tests.test_admin_support_inbox.TestReply" name="test_reply_too_short_422" time="0.140" /><testcase classname="tests.test_admin_support_inbox.TestReply" name="test_reply_unknown_id_404" time="0.101" /><testcase classname="tests.test_admin_support_inbox.TestDelete" name="test_delete_unknown_404" time="0.101" /></testsuite></testsuites>