<?xml version="1.0" encoding="utf-8"?><testsuites name="pytest tests"><testsuite name="pytest" errors="0" failures="0" skipped="0" tests="13" time="6.728" timestamp="2026-06-26T00:31:05.576432+00:00" hostname="agent-env-ecc48b74-f010-4ac4-ad40-4999b9ebdf0d"><testcase classname="tests.test_admin_users.TestAdminListUsers" name="test_list_requires_auth" time="0.160" /><testcase classname="tests.test_admin_users.TestAdminListUsers" name="test_list_requires_admin" time="0.774" /><testcase classname="tests.test_admin_users.TestAdminListUsers" name="test_admin_list_returns_users" time="0.416" /><testcase classname="tests.test_admin_users.TestAdminListUsers" name="test_search_filters_by_email" time="0.989" /><testcase classname="tests.test_admin_users.TestAdminListUsers" name="test_search_case_insensitive" time="0.413" /><testcase classname="tests.test_admin_users.TestGrantPro" name="test_grant_pro_as_non_admin_forbidden" time="0.788" /><testcase classname="tests.test_admin_users.TestGrantPro" name="test_grant_pro_nonexistent_user" time="0.103" /><testcase classname="tests.test_admin_users.TestGrantPro" name="test_grant_pro_then_list_shows_pro" time="0.584" /><testcase classname="tests.test_admin_users.TestGrantPro" name="test_grant_pro_extends_from_existing_pro_until" time="0.655" /><testcase classname="tests.test_admin_users.TestRevokePro" name="test_revoke_as_non_admin_forbidden" time="0.823" /><testcase classname="tests.test_admin_users.TestRevokePro" name="test_revoke_after_grant_resets_to_basic" time="0.722" /><testcase classname="tests.test_admin_users.TestRegression" name="test_admin_plan_prices_still_works" time="0.104" /><testcase classname="tests.test_admin_users.TestRegression" name="test_me_subscription_still_works" time="0.109" /></testsuite></testsuites>