<?xml version="1.0" encoding="utf-8"?><testsuites name="pytest tests"><testsuite name="pytest" errors="0" failures="0" skipped="0" tests="3" time="1.560" timestamp="2026-06-26T15:15:38.806657+00:00" hostname="agent-env-ecc48b74-f010-4ac4-ad40-4999b9ebdf0d"><testcase classname="tests.test_admin_plan_prices.TestAdminPlanPrices" name="test_put_persists_and_get_returns_same" time="0.698" /><testcase classname="tests.test_admin_plan_prices.TestAdminPlanPrices" name="test_public_plan_config_reflects_updates" time="0.158" /><testcase classname="tests.test_admin_plan_prices.TestAdminPlanPrices" name="test_reset_back_to_defaults" time="0.110" /></testsuite></testsuites>