<?xml version="1.0" encoding="utf-8"?><testsuites name="pytest tests"><testsuite name="pytest" errors="0" failures="0" skipped="1" tests="9" time="4.521" timestamp="2026-06-26T01:39:00.123115+00:00" hostname="agent-env-ecc48b74-f010-4ac4-ad40-4999b9ebdf0d"><testcase classname="tests.test_admin_delete_users.TestRegression" name="test_sessions_402_gating_for_non_pro" time="2.093" /><testcase classname="tests.test_admin_delete_users.TestAdminDeleteUser" name="test_delete_requires_auth" time="0.877" /><testcase classname="tests.test_admin_delete_users.TestAdminDeleteUser" name="test_delete_requires_admin" time="1.144" /><testcase classname="tests.test_admin_delete_users.TestRegression" name="test_admin_list_still_works" time="0.277" /><testcase classname="tests.test_admin_delete_users.TestAdminDeleteUser" name="test_delete_nonexistent_returns_404" time="0.461" /><testcase classname="tests.test_admin_delete_users.TestRegression" name="test_plan_prices_still_works" time="0.168" /><testcase classname="tests.test_admin_delete_users.TestAdminDeleteUser" name="test_delete_own_admin_account_returns_400" time="0.258" /><testcase classname="tests.test_admin_delete_users.TestAdminDeleteUser" name="test_delete_user_succeeds_and_cascade" time="1.219" /><testcase classname="tests.test_admin_delete_users.TestAdminDeleteUser" name="test_delete_another_admin_returns_400" time="0.000"><skipped type="pytest.skip" message="No public endpoint to promote a user to admin; cannot seed a second admin in test environment.">/app/backend/tests/test_admin_delete_users.py:116: No public endpoint to promote a user to admin; cannot seed a second admin in test environment.</skipped></testcase></testsuite></testsuites>