<?xml version="1.0" encoding="utf-8"?><testsuites name="pytest tests"><testsuite name="pytest" errors="0" failures="0" skipped="0" tests="5" time="2.559" timestamp="2026-06-26T15:03:19.889675+00:00" hostname="agent-env-ecc48b74-f010-4ac4-ad40-4999b9ebdf0d"><testcase classname="tests.test_billing_history.TestBillingHistoryRegression" name="test_unauthenticated_rejected" time="0.221" /><testcase classname="tests.test_billing_history.TestBillingHistoryFilter" name="test_pending_checkout_is_hidden" time="1.327" /><testcase classname="tests.test_billing_history.TestBillingHistoryRegression" name="test_response_is_list" time="1.051" /><testcase classname="tests.test_billing_history.TestBillingHistoryFilter" name="test_marking_paid_makes_it_appear" time="0.054" /><testcase classname="tests.test_billing_history.TestBillingHistoryFilter" name="test_cleanup_test_tx" time="0.004" /></testsuite></testsuites>