<?xml version="1.0" encoding="utf-8"?><testsuites name="pytest tests"><testsuite name="pytest" errors="0" failures="0" skipped="0" tests="6" time="4.984" timestamp="2026-06-26T16:44:58.721445+00:00" hostname="agent-env-ecc48b74-f010-4ac4-ad40-4999b9ebdf0d"><testcase classname="tests.test_checkout_error_handling" name="test_checkout_monthly_happy_returns_stripe_url" time="1.275" /><testcase classname="tests.test_checkout_error_handling" name="test_checkout_annual_happy_returns_stripe_url" time="0.940" /><testcase classname="tests.test_checkout_error_handling" name="test_checkout_requires_auth_returns_401" time="0.104" /><testcase classname="tests.test_checkout_error_handling" name="test_checkout_invalid_plan_returns_400" time="0.487" /><testcase classname="tests.test_checkout_error_handling" name="test_checkout_bad_stripe_key_returns_502" time="0.443" /><testcase classname="tests.test_checkout_error_handling" name="test_checkout_missing_stripe_key_returns_500" time="0.230" /></testsuite></testsuites>