<?xml version="1.0" encoding="utf-8"?><testsuites name="pytest tests"><testsuite name="pytest" errors="0" failures="0" skipped="0" tests="9" time="7.407" timestamp="2026-08-01T05:01:57.599185+00:00" hostname="agent-env-ecc48b74-f010-4ac4-ad40-4999b9ebdf0d"><testcase classname="tests.test_impact_and_report" name="test_pending_impact_ratings_filters_correctly" time="0.934" /><testcase classname="tests.test_impact_and_report" name="test_impact_rating_persists_and_is_idempotent" time="1.012" /><testcase classname="tests.test_impact_and_report" name="test_effective_frequencies_requires_pro" time="0.475" /><testcase classname="tests.test_impact_and_report" name="test_effective_frequencies_aggregates_and_ranks" time="0.677" /><testcase classname="tests.test_impact_and_report" name="test_monthly_report_requires_pro" time="0.457" /><testcase classname="tests.test_impact_and_report" name="test_monthly_report_empty_when_too_few_sessions" time="0.695" /><testcase classname="tests.test_impact_and_report" name="test_monthly_report_lazy_generation" time="0.682" /><testcase classname="tests.test_impact_and_report" name="test_monthly_report_specific_month_bad_format" time="0.719" /><testcase classname="tests.test_impact_and_report" name="test_monthly_report_specific_month_404_when_no_data" time="0.666" /></testsuite></testsuites>