<?xml version="1.0" encoding="utf-8"?><testsuites name="pytest tests"><testsuite name="pytest" errors="0" failures="0" skipped="0" tests="9" time="5.635" timestamp="2026-06-26T20:03:27.860526+00:00" hostname="agent-env-ecc48b74-f010-4ac4-ad40-4999b9ebdf0d"><testcase classname="tests.test_stripe_routing.TestStripeClientHelperRouting" name="test_helper_sets_emergent_proxy_for_sk_test_emergent" time="0.333" /><testcase classname="tests.test_stripe_routing.TestStripeClientHelperRouting" name="test_helper_recovers_from_sticky_emergent_proxy_when_key_is_live" time="0.049" /><testcase classname="tests.test_stripe_routing.TestStripeClientHelperRouting" name="test_helper_resets_even_if_pre_corrupted_to_arbitrary_value" time="0.000" /><testcase classname="tests.test_stripe_routing.TestStripeClientHelperRouting" name="test_helper_handles_test_key_other_than_emergent" time="0.000" /><testcase classname="tests.test_stripe_routing.TestCheckoutDiagnosticLog" name="test_checkout_emits_api_base_log_line" time="2.104" /><testcase classname="tests.test_stripe_routing.TestCheckoutLiveRegression" name="test_checkout_returns_real_stripe_url" time="1.871" /><testcase classname="tests.test_stripe_routing.TestCheckoutLiveRegression" name="test_checkout_with_each_method_still_works" time="2.148" /><testcase classname="tests.test_stripe_routing.TestCheckoutLiveRegression" name="test_payment_status_shape" time="0.813" /><testcase classname="tests.test_stripe_routing.TestCheckoutLiveRegression" name="test_webhook_endpoint_is_reachable" time="0.186" /></testsuite></testsuites>