<?xml version="1.0" encoding="utf-8"?><testsuites name="pytest tests"><testsuite name="pytest" errors="0" failures="0" skipped="0" tests="45" time="14.235" timestamp="2026-08-10T20:22:47.110394+00:00" hostname="agent-env-ecc48b74-f010-4ac4-ad40-4999b9ebdf0d"><testcase classname="tests.test_resend_from_address" name="test_env_sender_email_is_solarisounds" time="0.001" /><testcase classname="tests.test_admin_registration_notify" name="test_legacy_digest_helpers_removed_from_server_py" time="0.001" /><testcase classname="tests.test_resend_from_address" name="test_module_resolves_sender_at_import_time" time="3.385" /><testcase classname="tests.test_admin_registration_notify" name="test_derive_plan_label_free" time="3.374" /><testcase classname="tests.test_resend_from_address" name="test_no_hardcoded_onboarding_sender_in_send_calls" time="0.002" /><testcase classname="tests.test_admin_registration_notify" name="test_derive_plan_label_trial" time="0.000" /><testcase classname="tests.test_admin_registration_notify" name="test_derive_plan_label_pro" time="0.000" /><testcase classname="tests.test_admin_registration_notify" name="test_notify_admin_noop_when_recipient_empty" time="0.001" /><testcase classname="tests.test_admin_registration_notify" name="test_notify_admin_noop_when_api_key_empty" time="0.001" /><testcase classname="tests.test_admin_registration_notify" name="test_register_fires_exactly_one_admin_notify" time="0.498" /><testcase classname="tests.test_resend_from_address" name="test_register_fires_admin_alert_and_welcome_email" time="0.499" /><testcase classname="tests.test_admin_registration_notify" name="test_register_admin_notify_html_escapes_script" time="0.492" /><testcase classname="tests.test_resend_from_address" name="test_support_contact_sends_admin_and_user_ack" time="0.570" /><testcase classname="tests.test_admin_registration_notify" name="test_register_fires_both_admin_and_welcome" time="0.454" /><testcase classname="tests.test_resend_from_address" name="test_forgot_password_uses_solarisounds_from" time="0.059" /><testcase classname="tests.test_resend_from_address" name="test_flows_noop_when_resend_disabled" time="0.386" /><testcase classname="tests.test_admin_registration_notify" name="test_duplicate_register_does_not_notify_admin" time="0.775" /><testcase classname="tests.test_resend_from_address" name="test_support_ack_falls_back_to_account_email" time="0.480" /><testcase classname="tests.test_support_contact" name="test_no_auth_returns_401" time="0.230" /><testcase classname="tests.test_admin_registration_notify" name="test_invalid_password_does_not_notify_admin" time="0.305" /><testcase classname="tests.test_admin_registration_notify" name="test_invalid_email_does_not_notify_admin" time="0.304" /><testcase classname="tests.test_support_contact" name="test_unknown_reason_400" time="0.481" /><testcase classname="tests.test_support_contact" name="test_short_message_422" time="0.106" /><testcase classname="tests.test_admin_registration_notify" name="test_rate_limited_register_does_not_notify_admin" time="4.877" /><testcase classname="tests.test_support_contact" name="test_valid_send_returns_200_and_persists" time="0.370" /><testcase classname="tests.test_support_contact" name="test_html_injection_stored_raw" time="0.368" /><testcase classname="tests.test_support_contact" name="test_rate_limit_429_within_4_rapid_sends" time="0.972" /><testcase classname="tests.test_admin_support_inbox.TestResolveReopen" name="test_resolve_and_idempotent" time="1.931" /><testcase classname="tests.test_admin_support_inbox.TestResolveReopen" name="test_reopen" time="0.135" /><testcase classname="tests.test_admin_support_inbox.TestResolveReopen" name="test_resolve_unknown_404" time="0.200" /><testcase classname="tests.test_admin_support_inbox.TestResolveReopen" name="test_reopen_unknown_404" time="0.150" /><testcase classname="tests.test_admin_support_inbox.TestReply" name="test_reply_appends_and_marks_resolved" time="0.311" /><testcase classname="tests.test_admin_support_inbox.TestReply" name="test_reply_no_mark_resolved_stays_open" time="0.334" /><testcase classname="tests.test_admin_support_inbox.TestReply" name="test_reply_too_short_422" time="0.112" /><testcase classname="tests.test_admin_support_inbox.TestReply" name="test_reply_unknown_id_404" time="0.289" /><testcase classname="tests.test_admin_support_inbox.TestAuthGate" name="test_unauth_returns_401" time="0.155" /><testcase classname="tests.test_admin_support_inbox.TestAuthGate" name="test_non_admin_returns_403" time="0.259" /><testcase classname="tests.test_admin_support_inbox.TestDelete" name="test_delete_and_confirm_removed" time="0.481" /><testcase classname="tests.test_admin_support_inbox.TestListing" name="test_list_all_shape" time="1.039" /><testcase classname="tests.test_admin_support_inbox.TestListing" name="test_list_open_only" time="0.124" /><testcase classname="tests.test_admin_support_inbox.TestListing" name="test_list_resolved_only" time="0.163" /><testcase classname="tests.test_admin_support_inbox.TestDelete" name="test_delete_unknown_404" time="0.122" /><testcase classname="tests.test_admin_support_inbox.TestListing" name="test_search_q_filter" time="0.142" /><testcase classname="tests.test_admin_support_inbox.TestListing" name="test_pagination_limit_caps_at_100" time="0.117" /><testcase classname="tests.test_admin_support_inbox.TestListing" name="test_pagination_skip" time="0.146" /></testsuite></testsuites>