<?xml version="1.0" encoding="utf-8"?><testsuites name="pytest tests"><testsuite name="pytest" errors="0" failures="2" skipped="0" tests="20" time="4.970" timestamp="2026-06-28T19:42:42.056909+00:00" hostname="agent-env-ecc48b74-f010-4ac4-ad40-4999b9ebdf0d"><testcase classname="tests.test_iter27_lineage_refactor.TestAuth" name="test_login_new_password_ok" time="0.741" /><testcase classname="tests.test_iter27_lineage_refactor.TestSoundLineageRefactor" name="test_days_30" time="0.743" /><testcase classname="tests.test_iter27_lineage_refactor.TestAuth" name="test_login_old_password_rejected" time="0.365" /><testcase classname="tests.test_iter27_lineage_refactor.TestSoundLineageRefactor" name="test_days_7" time="0.364" /><testcase classname="tests.test_iter27_lineage_refactor.TestAuth" name="test_register_short_password_422" time="0.166" /><testcase classname="tests.test_iter27_lineage_refactor.TestSoundLineageRefactor" name="test_days_999_clamps_to_365" time="0.115" /><testcase classname="tests.test_iter27_lineage_refactor.TestSoundLineageRefactor" name="test_days_1_clamps_to_7" time="0.172" /><testcase classname="tests.test_iter27_lineage_refactor.TestAuth" name="test_register_strong_ok_resend_softfail" time="0.365" /><testcase classname="tests.test_iter27_lineage_refactor.TestSoundLineageRefactor" name="test_lineage_requires_admin" time="0.244" /><testcase classname="tests.test_iter27_lineage_refactor.TestAuth" name="test_logout_revokes_token" time="0.660" /><testcase classname="tests.test_iter27_lineage_refactor.TestAdminSecurity" name="test_security_requires_admin" time="0.102" /><testcase classname="tests.test_iter27_lineage_refactor.TestAdminSecurity" name="test_security_with_admin" time="0.249" /><testcase classname="tests.test_iter27_lineage_refactor.TestAdminSecurity" name="test_audit_log_event_filter" time="0.143" /><testcase classname="tests.test_iter27_lineage_refactor.TestStripeWebhook" name="test_missing_signature" time="0.157" /><testcase classname="tests.test_iter27_lineage_refactor.TestStripeWebhook" name="test_invalid_signature_or_not_configured" time="0.099" /><testcase classname="tests.test_iter27_lineage_refactor.TestCORS" name="test_allowed_origin" time="0.071" /><testcase classname="tests.test_iter27_lineage_refactor.TestCORS" name="test_disallowed_origin" time="0.067" /><testcase classname="tests.test_iter27_lineage_refactor.TestAIRecommend" name="test_strict_shape" time="0.473"><failure message="AssertionError: {&quot;detail&quot;:[{&quot;type&quot;:&quot;missing&quot;,&quot;loc&quot;:[&quot;body&quot;,&quot;intent&quot;],&quot;msg&quot;:&quot;Field required&quot;,&quot;input&quot;:{&quot;mood&quot;:&quot;calm&quot;},&quot;url&quot;:&quot;https://errors.pydantic.dev/2.13/v/missing&quot;}]}&#10;assert 422 == 200&#10; +  where 422 = &lt;Response [422]&gt;.status_code">backend/tests/test_iter27_lineage_refactor.py:186: in test_strict_shape
    assert r.status_code == 200, r.text
E   AssertionError: {"detail":[{"type":"missing","loc":["body","intent"],"msg":"Field required","input":{"mood":"calm"},"url":"https://errors.pydantic.dev/2.13/v/missing"}]}
E   assert 422 == 200
E    +  where 422 = &lt;Response [422]&gt;.status_code</failure></testcase><testcase classname="tests.test_iter27_lineage_refactor.TestAIRecommend" name="test_throttle_429" time="1.020"><failure message="AssertionError: never throttled: [422, 422, 422, 422, 422, 422, 422, 422, 422, 422]&#10;assert 429 in [422, 422, 422, 422, 422, 422, ...]">backend/tests/test_iter27_lineage_refactor.py:202: in test_throttle_429
    assert 429 in codes, f"never throttled: {codes}"
E   AssertionError: never throttled: [422, 422, 422, 422, 422, 422, 422, 422, 422, 422]
E   assert 429 in [422, 422, 422, 422, 422, 422, ...]</failure></testcase><testcase classname="tests.test_iter27_lineage_refactor.TestLoginThrottle" name="test_throttle_after_8_bad" time="0.605" /></testsuite></testsuites>