<?xml version="1.0" encoding="utf-8"?><testsuites name="pytest tests"><testsuite name="pytest" errors="0" failures="0" skipped="1" tests="114" time="116.673" timestamp="2026-06-27T04:16:03.964911+00:00" hostname="agent-env-ecc48b74-f010-4ac4-ad40-4999b9ebdf0d"><testcase classname="tests.test_prefs.TestPrefs" name="test_fresh_user_empty_prefs" time="0.624" /><testcase classname="tests.test_payment_methods" name="test_checkout_accepts_each_payment_method_preference[card]" time="1.796" /><testcase classname="tests.test_prefs.TestPrefs" name="test_auth_required_get" time="0.100" /><testcase classname="tests.test_prefs.TestPrefs" name="test_auth_required_put" time="0.100" /><testcase classname="tests.test_prefs.TestPrefs" name="test_put_full_payload_then_get_roundtrip" time="0.603" /><testcase classname="tests.test_prefs.TestPrefs" name="test_partial_put_merges" time="0.926" /><testcase classname="tests.test_payment_methods" name="test_checkout_accepts_each_payment_method_preference[apple_pay]" time="1.371" /><testcase classname="tests.test_prefs.TestPrefs" name="test_non_pro_pro_fields_stripped_then_kept_after_trial" time="0.715" /><testcase classname="tests.test_prefs.TestPrefs" name="test_validation_422[payload0]" time="0.625" /><testcase classname="tests.test_payment_methods" name="test_checkout_accepts_each_payment_method_preference[google_pay]" time="1.711" /><testcase classname="tests.test_prefs.TestPrefs" name="test_validation_422[payload1]" time="0.413" /><testcase classname="tests.test_prefs.TestPrefs" name="test_validation_422[payload2]" time="0.442" /><testcase classname="tests.test_prefs.TestPrefs" name="test_validation_422[payload3]" time="0.421" /><testcase classname="tests.test_payment_methods" name="test_checkout_accepts_each_payment_method_preference[link]" time="1.473" /><testcase classname="tests.test_prefs.TestPrefs" name="test_validation_422[payload4]" time="0.600" /><testcase classname="tests.test_prefs.TestPrefs" name="test_validation_422[payload5]" time="0.439" /><testcase classname="tests.test_prefs.TestPrefs" name="test_validation_422[payload6]" time="0.423" /><testcase classname="tests.test_payment_methods" name="test_checkout_default_payment_method_is_card_when_omitted" time="1.551" /><testcase classname="tests.test_prefs.TestPrefs" name="test_validation_422[payload7]" time="0.595" /><testcase classname="tests.test_prefs.TestPrefs" name="test_validation_422[payload8]" time="0.411" /><testcase classname="tests.test_subscription_mode" name="test_trial_endpoint_returns_410" time="0.415" /><testcase classname="tests.test_subscription_mode" name="test_checkout_creates_subscription_session_with_trial" time="1.281" /><testcase classname="tests.test_payment_methods" name="test_checkout_annual_plan_with_link_method" time="1.559" /><testcase classname="tests.test_subscription_mode" name="test_checkout_invalid_plan_400" time="0.640" /><testcase classname="tests.test_payment_methods" name="test_checkout_invalid_payment_method_returns_422" time="0.419" /><testcase classname="tests.test_subscription_mode" name="test_checkout_no_trial_when_trial_already_used" time="1.634" /><testcase classname="tests.test_payment_methods" name="test_checkout_invalid_payment_method_various[paypal]" time="0.646" /><testcase classname="tests.test_payment_methods" name="test_checkout_invalid_payment_method_various[APPLE_PAY]" time="0.424" /><testcase classname="tests.test_payment_methods" name="test_checkout_invalid_payment_method_various[]" time="0.426" /><testcase classname="tests.test_payment_methods" name="test_checkout_invalid_payment_method_various[wire]" time="0.576" /><testcase classname="tests.test_subscription_mode" name="test_billing_portal_without_customer_returns_400" time="0.635" /><testcase classname="tests.test_payment_methods" name="test_checkout_invalid_payment_method_various[venmo]" time="0.586" /><testcase classname="tests.test_subscription_mode" name="test_billing_portal_after_checkout_returns_url" time="1.893" /><testcase classname="tests.test_payment_methods" name="test_checkout_invalid_plan_still_400_with_payment_method" time="0.421" /><testcase classname="tests.test_payment_methods" name="test_checkout_unauthenticated_401" time="0.096" /><testcase classname="tests.test_subscription" name="test_plan_config_public_no_auth" time="0.101" /><testcase classname="tests.test_subscription" name="test_new_user_subscription_defaults" time="0.448" /><testcase classname="tests.test_subscription" name="test_start_trial_returns_410_gone" time="0.415" /><testcase classname="tests.test_subscription_mode" name="test_cancel_subscription_without_active_sub_returns_400" time="0.573" /><testcase classname="tests.test_subscription" name="test_session_cap_for_free_user" time="1.325" /><testcase classname="tests.test_subscription_mode" name="test_me_subscription_includes_new_fields" time="0.413" /><testcase classname="tests.test_subscription_mode" name="test_webhook_subscription_deleted_downgrades_user" time="0.488" /><testcase classname="tests.test_subscription" name="test_checkout_invalid_plan_400" time="0.577" /><testcase classname="tests.test_subscription_mode" name="test_webhook_invoice_payment_failed_flags_user" time="0.839" /><testcase classname="tests.test_subscription" name="test_change_password_then_login_with_new" time="2.018" /><testcase classname="tests.test_subscription_mode" name="test_webhook_unknown_customer_does_not_500" time="0.313" /><testcase classname="tests.test_subscription_mode" name="test_stripe_timeout_returns_502_quickly" time="1.858" /><testcase classname="tests.test_subscription" name="test_admin_prices_non_admin_403" time="0.550" /><testcase classname="tests.test_streak" name="test_admin_login_works" time="0.363" /><testcase classname="tests.test_subscription" name="test_admin_prices_update_persists_and_reflected_in_public_config" time="1.113" /><testcase classname="tests.test_streak" name="test_streak_requires_auth_get" time="0.212" /><testcase classname="tests.test_streak" name="test_streak_requires_auth_post" time="0.092" /><testcase classname="tests.test_streak" name="test_streak_initial_state_for_new_user" time="0.408" /><testcase classname="tests.test_streak" name="test_streak_first_checkin" time="0.193" /><testcase classname="tests.test_streak" name="test_streak_same_day_checkin_does_not_increment" time="0.241" /><testcase classname="tests.test_admin_delete_users.TestAdminDeleteUser" name="test_delete_requires_auth" time="0.428" /><testcase classname="tests.test_streak" name="test_session_crud" time="0.436" /><testcase classname="tests.test_admin_delete_users.TestAdminDeleteUser" name="test_delete_requires_admin" time="0.902" /><testcase classname="tests.test_checkout_error_handling" name="test_checkout_monthly_happy_returns_stripe_url" time="1.825" /><testcase classname="tests.test_admin_delete_users.TestAdminDeleteUser" name="test_delete_nonexistent_returns_404" time="0.410" /><testcase classname="tests.test_admin_delete_users.TestAdminDeleteUser" name="test_delete_own_admin_account_returns_400" time="0.202" /><testcase classname="tests.test_admin_delete_users.TestAdminDeleteUser" name="test_delete_user_succeeds_and_cascade" time="1.397" /><testcase classname="tests.test_checkout_error_handling" name="test_checkout_annual_happy_returns_stripe_url" time="1.358" /><testcase classname="tests.test_admin_delete_users.TestAdminDeleteUser" name="test_delete_another_admin_returns_400" time="0.000"><skipped type="pytest.skip" message="No public endpoint to promote a user to admin; cannot seed a second admin in test environment.">/app/backend/tests/test_admin_delete_users.py:116: No public endpoint to promote a user to admin; cannot seed a second admin in test environment.</skipped></testcase><testcase classname="tests.test_iter25_defensive" name="test_health_stripe_ok_with_emergent_key" time="0.469" /><testcase classname="tests.test_iter25_defensive" name="test_health_stripe_missing_key_returns_config_error" time="0.002" /><testcase classname="tests.test_iter25_defensive" name="test_health_stripe_bad_key_returns_graceful_failure" time="0.205" /><testcase classname="tests.test_checkout_error_handling" name="test_checkout_requires_auth_returns_401" time="0.113" /><testcase classname="tests.test_iter25_defensive" name="test_checkout_outer_guard_wraps_unexpected_exception" time="0.369" /><testcase classname="tests.test_checkout_error_handling" name="test_checkout_invalid_plan_returns_400" time="0.671" /><testcase classname="tests.test_iter25_defensive" name="test_checkout_outer_guard_preserves_httpexception" time="0.391" /><testcase classname="tests.test_checkout_error_handling" name="test_checkout_bad_stripe_key_returns_502" time="0.684" /><testcase classname="tests.test_iter25_defensive" name="test_checkout_happy_path_response_contract_unchanged" time="1.686" /><testcase classname="tests.test_checkout_error_handling" name="test_checkout_missing_stripe_key_returns_500" time="0.231" /><testcase classname="tests.test_admin_users.TestAdminListUsers" name="test_list_requires_auth" time="0.104" /><testcase classname="tests.test_admin_users.TestAdminListUsers" name="test_list_requires_admin" time="0.786" /><testcase classname="tests.test_profile_update" name="test_update_profile_with_valid_name" time="0.613" /><testcase classname="tests.test_admin_users.TestAdminListUsers" name="test_admin_list_returns_users" time="0.584" /><testcase classname="tests.test_profile_update" name="test_update_profile_empty_string_rejected" time="0.044" /><testcase classname="tests.test_profile_update" name="test_update_profile_whitespace_rejected" time="0.043" /><testcase classname="tests.test_profile_update" name="test_update_profile_too_long_rejected" time="0.047" /><testcase classname="tests.test_profile_update" name="test_update_profile_requires_auth" time="0.274" /><testcase classname="tests.test_profile_update" name="test_zz_restore_admin_name" time="0.132" /><testcase classname="tests.test_admin_users.TestAdminListUsers" name="test_search_filters_by_email" time="0.485" /><testcase classname="tests.test_stripe_routing.TestStripeClientHelperRouting" name="test_helper_sets_emergent_proxy_for_sk_test_emergent" time="0.000" /><testcase classname="tests.test_stripe_routing.TestStripeClientHelperRouting" name="test_helper_recovers_from_sticky_emergent_proxy_when_key_is_live" time="0.000" /><testcase classname="tests.test_stripe_routing.TestStripeClientHelperRouting" name="test_helper_resets_even_if_pre_corrupted_to_arbitrary_value" time="0.000" /><testcase classname="tests.test_stripe_routing.TestStripeClientHelperRouting" name="test_helper_handles_test_key_other_than_emergent" time="0.000" /><testcase classname="tests.test_admin_users.TestAdminListUsers" name="test_search_case_insensitive" time="0.586" /><testcase classname="tests.test_stripe_routing.TestCheckoutLiveRegression" name="test_checkout_returns_real_stripe_url" time="1.789" /><testcase classname="tests.test_admin_users.TestGrantPro" name="test_grant_pro_as_non_admin_forbidden" time="0.779" /><testcase classname="tests.test_admin_users.TestGrantPro" name="test_grant_pro_nonexistent_user" time="0.094" /><testcase classname="tests.test_admin_users.TestGrantPro" name="test_grant_pro_then_list_shows_pro" time="0.519" /><testcase classname="tests.test_stripe_routing.TestCheckoutLiveRegression" name="test_checkout_with_each_method_still_works" time="2.943" /><testcase classname="tests.test_admin_users.TestGrantPro" name="test_grant_pro_extends_from_existing_pro_until" time="0.622" /><testcase classname="tests.test_admin_delete_users.TestRegression" name="test_sessions_402_gating_for_non_pro" time="1.494" /><testcase classname="tests.test_admin_delete_users.TestRegression" name="test_admin_list_still_works" time="0.107" /><testcase classname="tests.test_admin_delete_users.TestRegression" name="test_plan_prices_still_works" time="0.142" /><testcase classname="tests.test_admin_plan_prices.TestAdminPlanPrices" name="test_put_persists_and_get_returns_same" time="0.477" /><testcase classname="tests.test_stripe_routing.TestCheckoutLiveRegression" name="test_payment_status_shape" time="1.824" /><testcase classname="tests.test_admin_plan_prices.TestAdminPlanPrices" name="test_public_plan_config_reflects_updates" time="0.096" /><testcase classname="tests.test_admin_plan_prices.TestAdminPlanPrices" name="test_reset_back_to_defaults" time="0.095" /><testcase classname="tests.test_admin_users.TestRevokePro" name="test_revoke_as_non_admin_forbidden" time="0.737" /><testcase classname="tests.test_stripe_routing.TestCheckoutLiveRegression" name="test_webhook_endpoint_is_reachable" time="0.105" /><testcase classname="tests.test_admin_users.TestRevokePro" name="test_revoke_after_grant_resets_to_basic" time="43.294" /><testcase classname="tests.test_billing_history.TestBillingHistoryFilter" name="test_pending_checkout_is_hidden" time="37.135" /><testcase classname="tests.test_billing_history.TestBillingHistoryFilter" name="test_marking_paid_makes_it_appear" time="0.060" /><testcase classname="tests.test_billing_history.TestBillingHistoryFilter" name="test_cleanup_test_tx" time="0.009" /><testcase classname="tests.test_billing_history.TestBillingHistoryRegression" name="test_unauthenticated_rejected" time="35.906" /><testcase classname="tests.test_admin_users.TestRegression" name="test_admin_plan_prices_still_works" time="0.138" /><testcase classname="tests.test_admin_users.TestRegression" name="test_me_subscription_still_works" time="0.118" /><testcase classname="tests.test_stripe_routing.TestCheckoutDiagnosticLog" name="test_checkout_emits_api_base_log_line" time="38.401" /><testcase classname="tests.test_billing_history.TestBillingHistoryRegression" name="test_response_is_list" time="0.056" /><testcase classname="tests.test_prefs.TestPaymentsStatusPlan" name="test_status_returns_plan_field" time="1.838" /></testsuite></testsuites>