<?xml version="1.0" encoding="utf-8"?><testsuites name="pytest tests"><testsuite name="pytest" errors="0" failures="0" skipped="1" tests="37" time="24.338" timestamp="2026-06-26T18:10:06.499976+00:00" hostname="agent-env-ecc48b74-f010-4ac4-ad40-4999b9ebdf0d"><testcase classname="tests.test_streak" name="test_admin_login_works" time="1.644" /><testcase classname="tests.test_admin_delete_users.TestAdminDeleteUser" name="test_delete_requires_auth" time="1.645" /><testcase classname="tests.test_streak" name="test_streak_requires_auth_get" time="0.100" /><testcase classname="tests.test_streak" name="test_streak_requires_auth_post" time="0.246" /><testcase classname="tests.test_admin_delete_users.TestAdminDeleteUser" name="test_delete_requires_admin" time="1.037" /><testcase classname="tests.test_streak" name="test_streak_initial_state_for_new_user" time="0.580" /><testcase classname="tests.test_streak" name="test_streak_first_checkin" time="0.444" /><testcase classname="tests.test_admin_delete_users.TestAdminDeleteUser" name="test_delete_nonexistent_returns_404" time="0.436" /><testcase classname="tests.test_streak" name="test_streak_same_day_checkin_does_not_increment" time="0.104" /><testcase classname="tests.test_streak" name="test_session_crud" time="0.646" /><testcase classname="tests.test_admin_delete_users.TestAdminDeleteUser" name="test_delete_own_admin_account_returns_400" time="0.224" /><testcase classname="tests.test_admin_delete_users.TestAdminDeleteUser" name="test_delete_user_succeeds_and_cascade" time="2.384" /><testcase classname="tests.test_admin_users.TestAdminListUsers" name="test_list_requires_auth" time="0.250" /><testcase classname="tests.test_admin_users.TestAdminListUsers" name="test_list_requires_admin" time="0.815" /><testcase classname="tests.test_admin_users.TestAdminListUsers" name="test_admin_list_returns_users" time="11.713" /><testcase classname="tests.test_admin_delete_users.TestAdminDeleteUser" name="test_delete_another_admin_returns_400" time="0.000"><skipped type="pytest.skip" message="No public endpoint to promote a user to admin; cannot seed a second admin in test environment.">/app/backend/tests/test_admin_delete_users.py:116: No public endpoint to promote a user to admin; cannot seed a second admin in test environment.</skipped></testcase><testcase classname="tests.test_admin_users.TestAdminListUsers" name="test_search_filters_by_email" time="0.485" /><testcase classname="tests.test_admin_users.TestGrantPro" name="test_grant_pro_as_non_admin_forbidden" time="12.404" /><testcase classname="tests.test_admin_users.TestAdminListUsers" name="test_search_case_insensitive" time="0.768" /><testcase classname="tests.test_admin_delete_users.TestRegression" name="test_sessions_402_gating_for_non_pro" time="1.804" /><testcase classname="tests.test_admin_users.TestGrantPro" name="test_grant_pro_nonexistent_user" time="0.618" /><testcase classname="tests.test_admin_delete_users.TestRegression" name="test_admin_list_still_works" time="0.119" /><testcase classname="tests.test_admin_delete_users.TestRegression" name="test_plan_prices_still_works" time="0.102" /><testcase classname="tests.test_admin_users.TestGrantPro" name="test_grant_pro_then_list_shows_pro" time="2.109" /><testcase classname="tests.test_billing_history.TestBillingHistoryFilter" name="test_pending_checkout_is_hidden" time="1.116" /><testcase classname="tests.test_billing_history.TestBillingHistoryFilter" name="test_marking_paid_makes_it_appear" time="0.243" /><testcase classname="tests.test_admin_users.TestGrantPro" name="test_grant_pro_extends_from_existing_pro_until" time="1.023" /><testcase classname="tests.test_billing_history.TestBillingHistoryFilter" name="test_cleanup_test_tx" time="0.004" /><testcase classname="tests.test_admin_users.TestRevokePro" name="test_revoke_as_non_admin_forbidden" time="0.795" /><testcase classname="tests.test_admin_plan_prices.TestAdminPlanPrices" name="test_put_persists_and_get_returns_same" time="0.910" /><testcase classname="tests.test_admin_users.TestRevokePro" name="test_revoke_after_grant_resets_to_basic" time="1.160" /><testcase classname="tests.test_admin_plan_prices.TestAdminPlanPrices" name="test_public_plan_config_reflects_updates" time="0.103" /><testcase classname="tests.test_admin_plan_prices.TestAdminPlanPrices" name="test_reset_back_to_defaults" time="0.109" /><testcase classname="tests.test_billing_history.TestBillingHistoryRegression" name="test_unauthenticated_rejected" time="0.137" /><testcase classname="tests.test_admin_users.TestRegression" name="test_admin_plan_prices_still_works" time="0.323" /><testcase classname="tests.test_billing_history.TestBillingHistoryRegression" name="test_response_is_list" time="0.385" /><testcase classname="tests.test_admin_users.TestRegression" name="test_me_subscription_still_works" time="0.096" /></testsuite></testsuites>