<?xml version="1.0" encoding="utf-8"?><testsuites name="pytest tests"><testsuite name="pytest" errors="21" failures="9" skipped="1" tests="134" time="67.379" timestamp="2026-06-28T19:46:04.107301+00:00" hostname="agent-env-ecc48b74-f010-4ac4-ad40-4999b9ebdf0d"><testcase classname="tests.test_prefs.TestPrefs" name="test_fresh_user_empty_prefs" time="0.711" /><testcase classname="tests.test_payment_methods" name="test_checkout_accepts_each_payment_method_preference[card]" time="1.884" /><testcase classname="tests.test_prefs.TestPrefs" name="test_auth_required_get" time="0.105" /><testcase classname="tests.test_prefs.TestPrefs" name="test_auth_required_put" time="0.113" /><testcase classname="tests.test_prefs.TestPrefs" name="test_put_full_payload_then_get_roundtrip" time="0.524" /><testcase classname="tests.test_prefs.TestPrefs" name="test_partial_put_merges" time="0.871" /><testcase classname="tests.test_payment_methods" name="test_checkout_accepts_each_payment_method_preference[apple_pay]" time="1.538" /><testcase classname="tests.test_prefs.TestPrefs" name="test_non_pro_pro_fields_stripped_then_kept_after_trial" time="0.772" /><testcase classname="tests.test_prefs.TestPrefs" name="test_validation_422[payload0]" time="0.653" /><testcase classname="tests.test_payment_methods" name="test_checkout_accepts_each_payment_method_preference[google_pay]" time="1.577" /><testcase classname="tests.test_prefs.TestPrefs" name="test_validation_422[payload1]" time="0.428" /><testcase classname="tests.test_prefs.TestPrefs" name="test_validation_422[payload2]" time="0.429" /><testcase classname="tests.test_prefs.TestPrefs" name="test_validation_422[payload3]" time="0.462" /><testcase classname="tests.test_payment_methods" name="test_checkout_accepts_each_payment_method_preference[link]" time="1.598" /><testcase classname="tests.test_prefs.TestPrefs" name="test_validation_422[payload4]" time="0.634" /><testcase classname="tests.test_prefs.TestPrefs" name="test_validation_422[payload5]" time="0.483" /><testcase classname="tests.test_prefs.TestPrefs" name="test_validation_422[payload6]" time="0.467" /><testcase classname="tests.test_payment_methods" name="test_checkout_default_payment_method_is_card_when_omitted" time="1.599" /><testcase classname="tests.test_prefs.TestPrefs" name="test_validation_422[payload7]" time="0.669" /><testcase classname="tests.test_prefs.TestPrefs" name="test_validation_422[payload8]" time="1.621" /><testcase classname="tests.test_payment_methods" name="test_checkout_annual_plan_with_link_method" time="1.895" /><testcase classname="tests.test_subscription_mode" name="test_trial_endpoint_returns_410" time="0.620" /><testcase classname="tests.test_subscription_mode" name="test_checkout_creates_subscription_session_with_trial" time="1.784" /><testcase classname="tests.test_payment_methods" name="test_checkout_invalid_payment_method_returns_422" time="0.496" /><testcase classname="tests.test_payment_methods" name="test_checkout_invalid_payment_method_various[paypal]" time="0.437" /><testcase classname="tests.test_payment_methods" name="test_checkout_invalid_payment_method_various[APPLE_PAY]" time="0.423" /><testcase classname="tests.test_subscription_mode" name="test_checkout_invalid_plan_400" time="0.788" /><testcase classname="tests.test_payment_methods" name="test_checkout_invalid_payment_method_various[]" time="0.648" /><testcase classname="tests.test_payment_methods" name="test_checkout_invalid_payment_method_various[wire]" time="0.718" /><testcase classname="tests.test_subscription_mode" name="test_checkout_no_trial_when_trial_already_used" time="1.434" /><testcase classname="tests.test_payment_methods" name="test_checkout_invalid_payment_method_various[venmo]" time="0.420" /><testcase classname="tests.test_payment_methods" name="test_checkout_invalid_plan_still_400_with_payment_method" time="0.413" /><testcase classname="tests.test_subscription_mode" name="test_billing_portal_without_customer_returns_400" time="0.454" /><testcase classname="tests.test_payment_methods" name="test_checkout_unauthenticated_401" time="0.266" /><testcase classname="tests.test_subscription" name="test_plan_config_public_no_auth" time="0.106" /><testcase classname="tests.test_subscription" name="test_new_user_subscription_defaults" time="0.706" /><testcase classname="tests.test_subscription_mode" name="test_billing_portal_after_checkout_returns_url" time="2.248" /><testcase classname="tests.test_subscription" name="test_start_trial_returns_410_gone" time="0.418" /><testcase classname="tests.test_subscription" name="test_session_cap_for_free_user" time="0.775" /><testcase classname="tests.test_subscription" name="test_checkout_invalid_plan_400" time="0.451" /><testcase classname="tests.test_subscription_mode" name="test_cancel_subscription_without_active_sub_returns_400" time="0.951" /><testcase classname="tests.test_subscription" name="test_change_password_then_login_with_new" time="2.299" /><testcase classname="tests.test_subscription_mode" name="test_me_subscription_includes_new_fields" time="1.120" /><testcase classname="tests.test_subscription_mode" name="test_webhook_subscription_deleted_downgrades_user" time="0.967"><failure message="AssertionError: {&quot;detail&quot;:&quot;Webhook secret not configured&quot;}&#10;assert 400 == 200&#10; +  where 400 = &lt;Response [400]&gt;.status_code">E   AssertionError: {"detail":"Webhook secret not configured"}
    assert 400 == 200
     +  where 400 = &lt;Response [400]&gt;.status_code</failure></testcase><testcase classname="tests.test_subscription" name="test_admin_prices_non_admin_403" time="0.739" /><testcase classname="tests.test_subscription_mode" name="test_webhook_invoice_payment_failed_flags_user" time="0.648"><failure message="assert 400 == 200&#10; +  where 400 = &lt;Response [400]&gt;.status_code">E   assert 400 == 200
     +  where 400 = &lt;Response [400]&gt;.status_code</failure></testcase><testcase classname="tests.test_subscription" name="test_admin_prices_update_persists_and_reflected_in_public_config" time="1.129" /><testcase classname="tests.test_subscription_mode" name="test_webhook_unknown_customer_does_not_500" time="0.101"><failure message="AssertionError: {&quot;detail&quot;:&quot;Webhook secret not configured&quot;}&#10;assert 400 == 200&#10; +  where 400 = &lt;Response [400]&gt;.status_code">E   AssertionError: {"detail":"Webhook secret not configured"}
    assert 400 == 200
     +  where 400 = &lt;Response [400]&gt;.status_code</failure></testcase><testcase classname="tests.test_subscription_mode" name="test_stripe_timeout_returns_502_quickly" time="1.371" /><testcase classname="tests.test_streak" name="test_admin_login_works" time="0.321" /><testcase classname="tests.test_streak" name="test_streak_requires_auth_get" time="0.159" /><testcase classname="tests.test_streak" name="test_streak_requires_auth_post" time="0.096" /><testcase classname="tests.test_streak" name="test_streak_initial_state_for_new_user" time="0.416" /><testcase classname="tests.test_streak" name="test_streak_first_checkin" time="0.206" /><testcase classname="tests.test_admin_delete_users.TestAdminDeleteUser" name="test_delete_requires_auth" time="0.143"><error message="failed on setup with &quot;AssertionError: {&quot;detail&quot;:[{&quot;type&quot;:&quot;string_too_short&quot;,&quot;loc&quot;:[&quot;body&quot;,&quot;password&quot;],&quot;msg&quot;:&quot;String should have at least 8 characters&quot;,&quot;input&quot;:&quot;abcdef&quot;,&quot;ctx&quot;:{&quot;min_length&quot;:8},&quot;url&quot;:&quot;https://errors.pydantic.dev/2.13/v/string_too_short&quot;}]}&#10;assert 422 == 200&#10; +  where 422 = &lt;Response [422]&gt;.status_code&quot;">E   AssertionError: {"detail":[{"type":"string_too_short","loc":["body","password"],"msg":"String should have at least 8 characters","input":"abcdef","ctx":{"min_length":8},"url":"https://errors.pydantic.dev/2.13/v/string_too_short"}]}
    assert 422 == 200
     +  where 422 = &lt;Response [422]&gt;.status_code</error></testcase><testcase classname="tests.test_admin_delete_users.TestAdminDeleteUser" name="test_delete_requires_admin" time="0.098"><error message="failed on setup with &quot;AssertionError: {&quot;detail&quot;:[{&quot;type&quot;:&quot;string_too_short&quot;,&quot;loc&quot;:[&quot;body&quot;,&quot;password&quot;],&quot;msg&quot;:&quot;String should have at least 8 characters&quot;,&quot;input&quot;:&quot;abcdef&quot;,&quot;ctx&quot;:{&quot;min_length&quot;:8},&quot;url&quot;:&quot;https://errors.pydantic.dev/2.13/v/string_too_short&quot;}]}&#10;assert 422 == 200&#10; +  where 422 = &lt;Response [422]&gt;.status_code&quot;">E   AssertionError: {"detail":[{"type":"string_too_short","loc":["body","password"],"msg":"String should have at least 8 characters","input":"abcdef","ctx":{"min_length":8},"url":"https://errors.pydantic.dev/2.13/v/string_too_short"}]}
    assert 422 == 200
     +  where 422 = &lt;Response [422]&gt;.status_code</error></testcase><testcase classname="tests.test_streak" name="test_streak_same_day_checkin_does_not_increment" time="0.284" /><testcase classname="tests.test_admin_delete_users.TestAdminDeleteUser" name="test_delete_nonexistent_returns_404" time="0.460" /><testcase classname="tests.test_streak" name="test_session_crud" time="36.058" /><testcase classname="tests.test_admin_delete_users.TestAdminDeleteUser" name="test_delete_own_admin_account_returns_400" time="19.615" /><testcase classname="tests.test_admin_delete_users.TestAdminDeleteUser" name="test_delete_user_succeeds_and_cascade" time="0.152"><error message="failed on setup with &quot;AssertionError: {&quot;detail&quot;:[{&quot;type&quot;:&quot;string_too_short&quot;,&quot;loc&quot;:[&quot;body&quot;,&quot;password&quot;],&quot;msg&quot;:&quot;String should have at least 8 characters&quot;,&quot;input&quot;:&quot;abcdef&quot;,&quot;ctx&quot;:{&quot;min_length&quot;:8},&quot;url&quot;:&quot;https://errors.pydantic.dev/2.13/v/string_too_short&quot;}]}&#10;assert 422 == 200&#10; +  where 422 = &lt;Response [422]&gt;.status_code&quot;">E   AssertionError: {"detail":[{"type":"string_too_short","loc":["body","password"],"msg":"String should have at least 8 characters","input":"abcdef","ctx":{"min_length":8},"url":"https://errors.pydantic.dev/2.13/v/string_too_short"}]}
    assert 422 == 200
     +  where 422 = &lt;Response [422]&gt;.status_code</error></testcase><testcase classname="tests.test_admin_delete_users.TestAdminDeleteUser" name="test_delete_another_admin_returns_400" time="0.000"><skipped type="pytest.skip" message="No public endpoint to promote a user to admin; cannot seed a second admin in test environment.">/app/backend/tests/test_admin_delete_users.py:116: No public endpoint to promote a user to admin; cannot seed a second admin in test environment.</skipped></testcase><testcase classname="tests.test_iter25_defensive" name="test_health_stripe_ok_with_emergent_key" time="0.100"><failure message="AssertionError: {&quot;detail&quot;:&quot;Not authenticated&quot;}&#10;assert 401 == 200&#10; +  where 401 = &lt;Response [401]&gt;.status_code">E   AssertionError: {"detail":"Not authenticated"}
    assert 401 == 200
     +  where 401 = &lt;Response [401]&gt;.status_code</failure></testcase><testcase classname="tests.test_iter25_defensive" name="test_health_stripe_missing_key_returns_config_error" time="0.003"><failure message="AssertionError: expected 200, got 401: {'detail': 'Not authenticated'}&#10;assert 401 == 200">E   AssertionError: expected 200, got 401: {'detail': 'Not authenticated'}
    assert 401 == 200</failure></testcase><testcase classname="tests.test_iter25_defensive" name="test_health_stripe_bad_key_returns_graceful_failure" time="0.001"><failure message="AssertionError: expected 200 envelope, got 401: {'detail': 'Not authenticated'}&#10;assert 401 == 200">E   AssertionError: expected 200 envelope, got 401: {'detail': 'Not authenticated'}
    assert 401 == 200</failure></testcase><testcase classname="tests.test_iter25_defensive" name="test_checkout_outer_guard_wraps_unexpected_exception" time="0.231" /><testcase classname="tests.test_iter25_defensive" name="test_checkout_outer_guard_preserves_httpexception" time="0.257" /><testcase classname="tests.test_iter25_defensive" name="test_checkout_happy_path_response_contract_unchanged" time="1.354" /><testcase classname="tests.test_profile_update" name="test_update_profile_with_valid_name" time="0.454" /><testcase classname="tests.test_profile_update" name="test_update_profile_empty_string_rejected" time="0.052" /><testcase classname="tests.test_profile_update" name="test_update_profile_whitespace_rejected" time="0.054" /><testcase classname="tests.test_profile_update" name="test_update_profile_too_long_rejected" time="0.054" /><testcase classname="tests.test_profile_update" name="test_update_profile_requires_auth" time="0.104" /><testcase classname="tests.test_profile_update" name="test_zz_restore_admin_name" time="0.163" /><testcase classname="tests.test_admin_users.TestAdminListUsers" name="test_list_requires_auth" time="0.124" /><testcase classname="tests.test_admin_users.TestAdminListUsers" name="test_list_requires_admin" time="0.125"><error message="failed on setup with &quot;AssertionError: register failed: 422 {&quot;detail&quot;:[{&quot;type&quot;:&quot;string_too_short&quot;,&quot;loc&quot;:[&quot;body&quot;,&quot;password&quot;],&quot;msg&quot;:&quot;String should have at least 8 characters&quot;,&quot;input&quot;:&quot;abcdef&quot;,&quot;ctx&quot;:{&quot;min_length&quot;:8},&quot;url&quot;:&quot;https://errors.pydantic.dev/2.13/v/string_too_short&quot;}]}&#10;assert 422 == 200&#10; +  where 422 = &lt;Response [422]&gt;.status_code&quot;">E   AssertionError: register failed: 422 {"detail":[{"type":"string_too_short","loc":["body","password"],"msg":"String should have at least 8 characters","input":"abcdef","ctx":{"min_length":8},"url":"https://errors.pydantic.dev/2.13/v/string_too_short"}]}
    assert 422 == 200
     +  where 422 = &lt;Response [422]&gt;.status_code</error></testcase><testcase classname="tests.test_admin_users.TestAdminListUsers" name="test_admin_list_returns_users" time="0.435" /><testcase classname="tests.test_admin_users.TestAdminListUsers" name="test_search_filters_by_email" time="0.103"><error message="failed on setup with &quot;AssertionError: register failed: 422 {&quot;detail&quot;:[{&quot;type&quot;:&quot;string_too_short&quot;,&quot;loc&quot;:[&quot;body&quot;,&quot;password&quot;],&quot;msg&quot;:&quot;String should have at least 8 characters&quot;,&quot;input&quot;:&quot;abcdef&quot;,&quot;ctx&quot;:{&quot;min_length&quot;:8},&quot;url&quot;:&quot;https://errors.pydantic.dev/2.13/v/string_too_short&quot;}]}&#10;assert 422 == 200&#10; +  where 422 = &lt;Response [422]&gt;.status_code&quot;">E   AssertionError: register failed: 422 {"detail":[{"type":"string_too_short","loc":["body","password"],"msg":"String should have at least 8 characters","input":"abcdef","ctx":{"min_length":8},"url":"https://errors.pydantic.dev/2.13/v/string_too_short"}]}
    assert 422 == 200
     +  where 422 = &lt;Response [422]&gt;.status_code</error></testcase><testcase classname="tests.test_admin_users.TestAdminListUsers" name="test_search_case_insensitive" time="0.095"><error message="failed on setup with &quot;AssertionError: register failed: 422 {&quot;detail&quot;:[{&quot;type&quot;:&quot;string_too_short&quot;,&quot;loc&quot;:[&quot;body&quot;,&quot;password&quot;],&quot;msg&quot;:&quot;String should have at least 8 characters&quot;,&quot;input&quot;:&quot;abcdef&quot;,&quot;ctx&quot;:{&quot;min_length&quot;:8},&quot;url&quot;:&quot;https://errors.pydantic.dev/2.13/v/string_too_short&quot;}]}&#10;assert 422 == 200&#10; +  where 422 = &lt;Response [422]&gt;.status_code&quot;">E   AssertionError: register failed: 422 {"detail":[{"type":"string_too_short","loc":["body","password"],"msg":"String should have at least 8 characters","input":"abcdef","ctx":{"min_length":8},"url":"https://errors.pydantic.dev/2.13/v/string_too_short"}]}
    assert 422 == 200
     +  where 422 = &lt;Response [422]&gt;.status_code</error></testcase><testcase classname="tests.test_iter27_lineage_refactor.TestAuth" name="test_login_new_password_ok" time="0.325" /><testcase classname="tests.test_iter27_lineage_refactor.TestAuth" name="test_login_old_password_rejected" time="0.321" /><testcase classname="tests.test_iter27_lineage_refactor.TestAuth" name="test_register_short_password_422" time="0.111" /><testcase classname="tests.test_iter27_lineage_refactor.TestAuth" name="test_register_strong_ok_resend_softfail" time="0.318" /><testcase classname="tests.test_iter27_lineage_refactor.TestAuth" name="test_logout_revokes_token" time="0.652" /><testcase classname="tests.test_iter27_lineage_refactor.TestSoundLineageRefactor" name="test_days_30" time="0.427" /><testcase classname="tests.test_iter27_lineage_refactor.TestSoundLineageRefactor" name="test_days_7" time="0.119" /><testcase classname="tests.test_iter27_lineage_refactor.TestSoundLineageRefactor" name="test_days_999_clamps_to_365" time="0.111" /><testcase classname="tests.test_iter27_lineage_refactor.TestSoundLineageRefactor" name="test_days_1_clamps_to_7" time="0.101" /><testcase classname="tests.test_iter27_lineage_refactor.TestSoundLineageRefactor" name="test_lineage_requires_admin" time="0.106" /><testcase classname="tests.test_admin_users.TestGrantPro" name="test_grant_pro_as_non_admin_forbidden" time="0.099"><error message="failed on setup with &quot;AssertionError: register failed: 422 {&quot;detail&quot;:[{&quot;type&quot;:&quot;string_too_short&quot;,&quot;loc&quot;:[&quot;body&quot;,&quot;password&quot;],&quot;msg&quot;:&quot;String should have at least 8 characters&quot;,&quot;input&quot;:&quot;abcdef&quot;,&quot;ctx&quot;:{&quot;min_length&quot;:8},&quot;url&quot;:&quot;https://errors.pydantic.dev/2.13/v/string_too_short&quot;}]}&#10;assert 422 == 200&#10; +  where 422 = &lt;Response [422]&gt;.status_code&quot;">E   AssertionError: register failed: 422 {"detail":[{"type":"string_too_short","loc":["body","password"],"msg":"String should have at least 8 characters","input":"abcdef","ctx":{"min_length":8},"url":"https://errors.pydantic.dev/2.13/v/string_too_short"}]}
    assert 422 == 200
     +  where 422 = &lt;Response [422]&gt;.status_code</error></testcase><testcase classname="tests.test_admin_users.TestGrantPro" name="test_grant_pro_nonexistent_user" time="0.428" /><testcase classname="tests.test_admin_users.TestGrantPro" name="test_grant_pro_then_list_shows_pro" time="0.100"><error message="failed on setup with &quot;AssertionError: register failed: 422 {&quot;detail&quot;:[{&quot;type&quot;:&quot;string_too_short&quot;,&quot;loc&quot;:[&quot;body&quot;,&quot;password&quot;],&quot;msg&quot;:&quot;String should have at least 8 characters&quot;,&quot;input&quot;:&quot;abcdef&quot;,&quot;ctx&quot;:{&quot;min_length&quot;:8},&quot;url&quot;:&quot;https://errors.pydantic.dev/2.13/v/string_too_short&quot;}]}&#10;assert 422 == 200&#10; +  where 422 = &lt;Response [422]&gt;.status_code&quot;">E   AssertionError: register failed: 422 {"detail":[{"type":"string_too_short","loc":["body","password"],"msg":"String should have at least 8 characters","input":"abcdef","ctx":{"min_length":8},"url":"https://errors.pydantic.dev/2.13/v/string_too_short"}]}
    assert 422 == 200
     +  where 422 = &lt;Response [422]&gt;.status_code</error></testcase><testcase classname="tests.test_admin_users.TestGrantPro" name="test_grant_pro_extends_from_existing_pro_until" time="0.100"><error message="failed on setup with &quot;AssertionError: register failed: 422 {&quot;detail&quot;:[{&quot;type&quot;:&quot;string_too_short&quot;,&quot;loc&quot;:[&quot;body&quot;,&quot;password&quot;],&quot;msg&quot;:&quot;String should have at least 8 characters&quot;,&quot;input&quot;:&quot;abcdef&quot;,&quot;ctx&quot;:{&quot;min_length&quot;:8},&quot;url&quot;:&quot;https://errors.pydantic.dev/2.13/v/string_too_short&quot;}]}&#10;assert 422 == 200&#10; +  where 422 = &lt;Response [422]&gt;.status_code&quot;">E   AssertionError: register failed: 422 {"detail":[{"type":"string_too_short","loc":["body","password"],"msg":"String should have at least 8 characters","input":"abcdef","ctx":{"min_length":8},"url":"https://errors.pydantic.dev/2.13/v/string_too_short"}]}
    assert 422 == 200
     +  where 422 = &lt;Response [422]&gt;.status_code</error></testcase><testcase classname="tests.test_stripe_routing.TestStripeClientHelperRouting" name="test_helper_sets_emergent_proxy_for_sk_test_emergent" time="0.000" /><testcase classname="tests.test_stripe_routing.TestStripeClientHelperRouting" name="test_helper_recovers_from_sticky_emergent_proxy_when_key_is_live" time="0.000" /><testcase classname="tests.test_stripe_routing.TestStripeClientHelperRouting" name="test_helper_resets_even_if_pre_corrupted_to_arbitrary_value" time="0.000" /><testcase classname="tests.test_stripe_routing.TestStripeClientHelperRouting" name="test_helper_handles_test_key_other_than_emergent" time="0.000" /><testcase classname="tests.test_stripe_routing.TestCheckoutLiveRegression" name="test_checkout_returns_real_stripe_url" time="1.208" /><testcase classname="tests.test_stripe_routing.TestCheckoutLiveRegression" name="test_checkout_with_each_method_still_works" time="2.481" /><testcase classname="tests.test_stripe_routing.TestCheckoutLiveRegression" name="test_payment_status_shape" time="0.890" /><testcase classname="tests.test_stripe_routing.TestCheckoutLiveRegression" name="test_webhook_endpoint_is_reachable" time="0.120"><failure message="AssertionError: {&quot;detail&quot;:&quot;Webhook secret not configured&quot;}&#10;assert 400 == 200&#10; +  where 400 = &lt;Response [400]&gt;.status_code">E   AssertionError: {"detail":"Webhook secret not configured"}
    assert 400 == 200
     +  where 400 = &lt;Response [400]&gt;.status_code</failure></testcase><testcase classname="tests.test_admin_delete_users.TestRegression" name="test_sessions_402_gating_for_non_pro" time="0.414"><failure message="AssertionError: {&quot;detail&quot;:[{&quot;type&quot;:&quot;string_too_short&quot;,&quot;loc&quot;:[&quot;body&quot;,&quot;password&quot;],&quot;msg&quot;:&quot;String should have at least 8 characters&quot;,&quot;input&quot;:&quot;abcdef&quot;,&quot;ctx&quot;:{&quot;min_length&quot;:8},&quot;url&quot;:&quot;https://errors.pydantic.dev/2.13/v/string_too_short&quot;}]}&#10;assert 422 == 200&#10; +  where 422 = &lt;Response [422]&gt;.status_code">E   AssertionError: {"detail":[{"type":"string_too_short","loc":["body","password"],"msg":"String should have at least 8 characters","input":"abcdef","ctx":{"min_length":8},"url":"https://errors.pydantic.dev/2.13/v/string_too_short"}]}
    assert 422 == 200
     +  where 422 = &lt;Response [422]&gt;.status_code</failure></testcase><testcase classname="tests.test_admin_delete_users.TestRegression" name="test_admin_list_still_works" time="0.171" /><testcase classname="tests.test_admin_delete_users.TestRegression" name="test_plan_prices_still_works" time="0.100" /><testcase classname="tests.test_admin_plan_prices.TestAdminPlanPrices" name="test_put_persists_and_get_returns_same" time="0.469" /><testcase classname="tests.test_admin_plan_prices.TestAdminPlanPrices" name="test_public_plan_config_reflects_updates" time="0.108" /><testcase classname="tests.test_admin_plan_prices.TestAdminPlanPrices" name="test_reset_back_to_defaults" time="0.100" /><testcase classname="tests.test_billing_history.TestBillingHistoryFilter" name="test_pending_checkout_is_hidden" time="0.092"><error message="failed on setup with &quot;AssertionError: Admin login failed: 429 {&quot;detail&quot;:&quot;Too many login attempts — please slow down&quot;}&#10;assert 429 == 200&#10; +  where 429 = &lt;Response [429]&gt;.status_code&quot;">E   AssertionError: Admin login failed: 429 {"detail":"Too many login attempts — please slow down"}
    assert 429 == 200
     +  where 429 = &lt;Response [429]&gt;.status_code</error></testcase><testcase classname="tests.test_billing_history.TestBillingHistoryFilter" name="test_marking_paid_makes_it_appear" time="0.000"><error message="failed on setup with &quot;AssertionError: Admin login failed: 429 {&quot;detail&quot;:&quot;Too many login attempts — please slow down&quot;}&#10;assert 429 == 200&#10; +  where 429 = &lt;Response [429]&gt;.status_code&quot;">E   AssertionError: Admin login failed: 429 {"detail":"Too many login attempts — please slow down"}
    assert 429 == 200
     +  where 429 = &lt;Response [429]&gt;.status_code</error></testcase><testcase classname="tests.test_billing_history.TestBillingHistoryFilter" name="test_cleanup_test_tx" time="0.000"><error message="failed on setup with &quot;AssertionError: Admin login failed: 429 {&quot;detail&quot;:&quot;Too many login attempts — please slow down&quot;}&#10;assert 429 == 200&#10; +  where 429 = &lt;Response [429]&gt;.status_code&quot;">E   AssertionError: Admin login failed: 429 {"detail":"Too many login attempts — please slow down"}
    assert 429 == 200
     +  where 429 = &lt;Response [429]&gt;.status_code</error></testcase><testcase classname="tests.test_iter27_lineage_refactor.TestAdminSecurity" name="test_security_requires_admin" time="0.100" /><testcase classname="tests.test_iter27_lineage_refactor.TestAdminSecurity" name="test_security_with_admin" time="0.099"><error message="failed on setup with &quot;AssertionError: admin login failed: 429 {&quot;detail&quot;:&quot;Too many login attempts — please slow down&quot;}&#10;assert 429 == 200&#10; +  where 429 = &lt;Response [429]&gt;.status_code&quot;">E   AssertionError: admin login failed: 429 {"detail":"Too many login attempts — please slow down"}
    assert 429 == 200
     +  where 429 = &lt;Response [429]&gt;.status_code</error></testcase><testcase classname="tests.test_iter27_lineage_refactor.TestAdminSecurity" name="test_audit_log_event_filter" time="0.000"><error message="failed on setup with &quot;AssertionError: admin login failed: 429 {&quot;detail&quot;:&quot;Too many login attempts — please slow down&quot;}&#10;assert 429 == 200&#10; +  where 429 = &lt;Response [429]&gt;.status_code&quot;">E   AssertionError: admin login failed: 429 {"detail":"Too many login attempts — please slow down"}
    assert 429 == 200
     +  where 429 = &lt;Response [429]&gt;.status_code</error></testcase><testcase classname="tests.test_admin_users.TestRevokePro" name="test_revoke_as_non_admin_forbidden" time="0.108"><error message="failed on setup with &quot;AssertionError: register failed: 422 {&quot;detail&quot;:[{&quot;type&quot;:&quot;string_too_short&quot;,&quot;loc&quot;:[&quot;body&quot;,&quot;password&quot;],&quot;msg&quot;:&quot;String should have at least 8 characters&quot;,&quot;input&quot;:&quot;abcdef&quot;,&quot;ctx&quot;:{&quot;min_length&quot;:8},&quot;url&quot;:&quot;https://errors.pydantic.dev/2.13/v/string_too_short&quot;}]}&#10;assert 422 == 200&#10; +  where 422 = &lt;Response [422]&gt;.status_code&quot;">E   AssertionError: register failed: 422 {"detail":[{"type":"string_too_short","loc":["body","password"],"msg":"String should have at least 8 characters","input":"abcdef","ctx":{"min_length":8},"url":"https://errors.pydantic.dev/2.13/v/string_too_short"}]}
    assert 422 == 200
     +  where 422 = &lt;Response [422]&gt;.status_code</error></testcase><testcase classname="tests.test_admin_users.TestRevokePro" name="test_revoke_after_grant_resets_to_basic" time="0.101"><error message="failed on setup with &quot;AssertionError: login failed: 429 {&quot;detail&quot;:&quot;Too many login attempts — please slow down&quot;}&#10;assert 429 == 200&#10; +  where 429 = &lt;Response [429]&gt;.status_code&quot;">E   AssertionError: login failed: 429 {"detail":"Too many login attempts — please slow down"}
    assert 429 == 200
     +  where 429 = &lt;Response [429]&gt;.status_code</error></testcase><testcase classname="tests.test_admin_users.TestRegression" name="test_admin_plan_prices_still_works" time="0.000"><error message="failed on setup with &quot;AssertionError: login failed: 429 {&quot;detail&quot;:&quot;Too many login attempts — please slow down&quot;}&#10;assert 429 == 200&#10; +  where 429 = &lt;Response [429]&gt;.status_code&quot;">E   AssertionError: login failed: 429 {"detail":"Too many login attempts — please slow down"}
    assert 429 == 200
     +  where 429 = &lt;Response [429]&gt;.status_code</error></testcase><testcase classname="tests.test_admin_users.TestRegression" name="test_me_subscription_still_works" time="0.000"><error message="failed on setup with &quot;AssertionError: login failed: 429 {&quot;detail&quot;:&quot;Too many login attempts — please slow down&quot;}&#10;assert 429 == 200&#10; +  where 429 = &lt;Response [429]&gt;.status_code&quot;">E   AssertionError: login failed: 429 {"detail":"Too many login attempts — please slow down"}
    assert 429 == 200
     +  where 429 = &lt;Response [429]&gt;.status_code</error></testcase><testcase classname="tests.test_billing_history.TestBillingHistoryRegression" name="test_unauthenticated_rejected" time="0.103" /><testcase classname="tests.test_billing_history.TestBillingHistoryRegression" name="test_response_is_list" time="0.099"><error message="failed on setup with &quot;AssertionError: Admin login failed: 429 {&quot;detail&quot;:&quot;Too many login attempts — please slow down&quot;}&#10;assert 429 == 200&#10; +  where 429 = &lt;Response [429]&gt;.status_code&quot;">E   AssertionError: Admin login failed: 429 {"detail":"Too many login attempts — please slow down"}
    assert 429 == 200
     +  where 429 = &lt;Response [429]&gt;.status_code</error></testcase><testcase classname="tests.test_iter27_lineage_refactor.TestAIRecommend" name="test_strict_shape" time="0.100"><error message="failed on setup with &quot;AssertionError: admin login failed: 429 {&quot;detail&quot;:&quot;Too many login attempts — please slow down&quot;}&#10;assert 429 == 200&#10; +  where 429 = &lt;Response [429]&gt;.status_code&quot;">E   AssertionError: admin login failed: 429 {"detail":"Too many login attempts — please slow down"}
    assert 429 == 200
     +  where 429 = &lt;Response [429]&gt;.status_code</error></testcase><testcase classname="tests.test_iter27_lineage_refactor.TestAIRecommend" name="test_throttle_429" time="0.000"><error message="failed on setup with &quot;AssertionError: admin login failed: 429 {&quot;detail&quot;:&quot;Too many login attempts — please slow down&quot;}&#10;assert 429 == 200&#10; +  where 429 = &lt;Response [429]&gt;.status_code&quot;">E   AssertionError: admin login failed: 429 {"detail":"Too many login attempts — please slow down"}
    assert 429 == 200
     +  where 429 = &lt;Response [429]&gt;.status_code</error></testcase><testcase classname="tests.test_iter27_lineage_refactor.TestStripeWebhook" name="test_missing_signature" time="0.107" /><testcase classname="tests.test_iter27_lineage_refactor.TestStripeWebhook" name="test_invalid_signature_or_not_configured" time="0.099" /><testcase classname="tests.test_iter27_lineage_refactor.TestCORS" name="test_allowed_origin" time="0.078" /><testcase classname="tests.test_iter27_lineage_refactor.TestCORS" name="test_disallowed_origin" time="0.071" /><testcase classname="tests.test_iter27_lineage_refactor.TestLoginThrottle" name="test_throttle_after_8_bad" time="0.195" /><testcase classname="tests.test_prefs.TestPaymentsStatusPlan" name="test_status_returns_plan_field" time="1.995" /><testcase classname="tests.test_checkout_error_handling" name="test_checkout_monthly_happy_returns_stripe_url" time="1.551" /><testcase classname="tests.test_stripe_routing.TestCheckoutDiagnosticLog" name="test_checkout_emits_api_base_log_line" time="2.275"><failure message="AssertionError: Expected key_prefix in log line: INFO:server:[checkout] user=84d41f2a-9613-4687-8507-0ca661f3d9ff plan=annual method=card api_base=https://integrations.emergentagent.com/stripe trial=True customer=cus_UmycSeAPDX3Eln&#10;assert ('key_prefix=sk_test_emer' in 'INFO:server:[checkout] user=84d41f2a-9613-4687-8507-0ca661f3d9ff plan=annual method=card api_base=https://integrations.emergentagent.com/stripe trial=True customer=cus_UmycSeAPDX3Eln' or 'key_prefix=sk_test_em' in 'INFO:server:[checkout] user=84d41f2a-9613-4687-8507-0ca661f3d9ff plan=annual method=card api_base=https://integrations.emergentagent.com/stripe trial=True customer=cus_UmycSeAPDX3Eln')">E   AssertionError: Expected key_prefix in log line: INFO:server:[checkout] user=84d41f2a-9613-4687-8507-0ca661f3d9ff plan=annual method=card api_base=https://integrations.emergentagent.com/stripe trial=True customer=cus_UmycSeAPDX3Eln
    assert ('key_prefix=sk_test_emer' in 'INFO:server:[checkout] user=84d41f2a-9613-4687-8507-0ca661f3d9ff plan=annual method=card api_base=https://integrations.emergentagent.com/stripe trial=True customer=cus_UmycSeAPDX3Eln' or 'key_prefix=sk_test_em' in 'INFO:server:[checkout] user=84d41f2a-9613-4687-8507-0ca661f3d9ff plan=annual method=card api_base=https://integrations.emergentagent.com/stripe trial=True customer=cus_UmycSeAPDX3Eln')</failure></testcase><testcase classname="tests.test_checkout_error_handling" name="test_checkout_annual_happy_returns_stripe_url" time="1.476" /><testcase classname="tests.test_checkout_error_handling" name="test_checkout_requires_auth_returns_401" time="0.102" /><testcase classname="tests.test_checkout_error_handling" name="test_checkout_invalid_plan_returns_400" time="0.426" /><testcase classname="tests.test_checkout_error_handling" name="test_checkout_bad_stripe_key_returns_502" time="0.418" /><testcase classname="tests.test_checkout_error_handling" name="test_checkout_missing_stripe_key_returns_500" time="0.231" /></testsuite></testsuites>