<?xml version="1.0" encoding="utf-8"?><testsuites name="pytest tests"><testsuite name="pytest" errors="0" failures="0" skipped="0" tests="4" time="10.226" timestamp="2026-06-30T01:34:09.537552+00:00" hostname="agent-env-ecc48b74-f010-4ac4-ad40-4999b9ebdf0d"><testcase classname="tests.test_iter36_haptic_combo.TestAgentChatHapticCombo" name="test_sleep_prompt_returns_haptic_combo" time="5.133" /><testcase classname="tests.test_iter36_haptic_combo.TestAgentCheckinHapticComboValidation" name="test_invalid_combo_fields_are_stripped" time="1.060" /><testcase classname="tests.test_iter36_haptic_combo.TestAgentCheckinHapticComboValidation" name="test_valid_combo_fields_persist" time="0.116" /><testcase classname="tests.test_iter36_haptic_combo.TestPriorInsightsHapticCombo" name="test_chat_references_prior_haptic_combo" time="7.866" /></testsuite></testsuites>