<?xml version="1.0" encoding="utf-8"?><testsuites name="pytest tests"><testsuite name="pytest" errors="0" failures="0" skipped="0" tests="14" time="5.984" timestamp="2026-07-31T14:43:36.425149+00:00" hostname="agent-env-ecc48b74-f010-4ac4-ad40-4999b9ebdf0d"><testcase classname="tests.test_notifications" name="test_vapid_key_public" time="0.004" /><testcase classname="tests.test_notifications" name="test_prefs_default_and_partial_update" time="0.387" /><testcase classname="tests.test_notifications" name="test_checkin_nudge_gated_by_category" time="0.411" /><testcase classname="tests.test_notifications" name="test_checkin_nudge_gated_by_master" time="0.318" /><testcase classname="tests.test_notifications" name="test_checkin_nudge_invalid_trigger" time="0.269" /><testcase classname="tests.test_notifications" name="test_daily_cap_gates_nudges" time="0.362" /><testcase classname="tests.test_notifications" name="test_tick_delivers_feature_announcements_idempotently" time="0.761" /><testcase classname="tests.test_notifications" name="test_audience_pro_only_gates_free_user" time="0.708" /><testcase classname="tests.test_notifications" name="test_mark_opened_and_dismissed" time="0.501" /><testcase classname="tests.test_notifications" name="test_push_subscribe_upsert_and_unsubscribe" time="0.449" /><testcase classname="tests.test_notifications" name="test_admin_endpoints_require_admin" time="0.312" /><testcase classname="tests.test_notifications" name="test_admin_announcement_crud_and_analytics" time="0.450" /><testcase classname="tests.test_notifications" name="test_input_validation_short_title_rejected" time="0.269" /><testcase classname="tests.test_notifications" name="test_unauth_endpoints_return_401" time="0.211" /></testsuite></testsuites>