<?xml version="1.0" encoding="utf-8"?><testsuites name="pytest tests"><testsuite name="pytest" errors="0" failures="0" skipped="0" tests="58" time="39.004" timestamp="2026-07-29T21:58:28.547326+00:00" hostname="agent-env-ecc48b74-f010-4ac4-ad40-4999b9ebdf0d"><testcase classname="tests.test_hb_settings" name="test_hb_note_confirmed_gap_in_band" time="0.000" /><testcase classname="tests.test_hb_settings" name="test_hb_note_confirmed_gap_uses_key_when_no_label" time="0.000" /><testcase classname="tests.test_hb_settings" name="test_hb_note_drift_band_when_delta_ge_3" time="0.000" /><testcase classname="tests.test_hb_settings" name="test_hb_note_drift_band_positive_delta" time="0.000" /><testcase classname="tests.test_hb_settings" name="test_hb_note_weak_drift_below_threshold_returns_none" time="0.000" /><testcase classname="tests.test_hb_settings" name="test_hb_note_out_of_band_returns_none" time="0.000" /><testcase classname="tests.test_hb_settings" name="test_hb_note_invalid_hz_returns_none" time="0.000" /><testcase classname="tests.test_hb_settings" name="test_hb_note_empty_lists_return_none" time="0.000" /><testcase classname="tests.test_hb_settings" name="test_hb_note_gap_takes_precedence_over_drift" time="0.000" /><testcase classname="tests.test_hb_settings" name="test_hb_note_bad_band_shape_skipped" time="0.000" /><testcase classname="tests.test_hb_settings" name="test_settings_default_true_for_fresh_user" time="0.780" /><testcase classname="tests.test_wellness_journey" name="test_journey_log_full_payload" time="0.676" /><testcase classname="tests.test_wellness_journey" name="test_journey_log_too_short_rejected" time="0.164" /><testcase classname="tests.test_hb_settings" name="test_settings_roundtrip_persists" time="0.574" /><testcase classname="tests.test_wellness_journey" name="test_journey_log_minimal_payload" time="0.054" /><testcase classname="tests.test_wellness_journey" name="test_journey_log_requires_auth" time="0.258" /><testcase classname="tests.test_wellness_journey" name="test_journey_list_requires_auth" time="0.160" /><testcase classname="tests.test_hb_settings" name="test_settings_empty_body_is_noop" time="0.729" /><testcase classname="tests.test_wellness_journey" name="test_journey_prune_to_30" time="3.390" /><testcase classname="tests.test_hb_settings" name="test_settings_unknown_fields_ignored" time="0.443" /><testcase classname="tests.test_hb_settings" name="test_settings_requires_auth" time="0.284" /><testcase classname="tests.test_hb_settings" name="test_ai_recommend_harmonic_note_when_toggle_on_and_in_band" time="4.461" /><testcase classname="tests.test_wellness_journey" name="test_agent_chat_with_journey_rows" time="6.991" /><testcase classname="tests.test_hb_settings" name="test_ai_recommend_no_harmonic_note_when_toggle_off" time="3.741" /><testcase classname="tests.test_hb_settings" name="test_agent_chat_no_harmonic_note_when_toggle_off" time="4.117" /><testcase classname="tests.test_wellness_journey" name="test_reflection_positive_sentiment" time="0.162" /><testcase classname="tests.test_wellness_journey" name="test_reflection_negative_sentiment" time="0.110" /><testcase classname="tests.test_wellness_journey" name="test_reflection_neutral_sentiment_not_spuriously_positive" time="0.136" /><testcase classname="tests.test_wellness_journey" name="test_reflection_missing_entry_returns_404" time="0.053" /><testcase classname="tests.test_wellness_journey" name="test_reflection_other_users_entry_returns_404" time="0.124" /><testcase classname="tests.test_wellness_journey" name="test_reflection_requires_auth" time="0.192" /><testcase classname="tests.test_wellness_journey" name="test_preference_boost_prioritises_positive_frequency" time="4.316" /><testcase classname="tests.test_hb_settings" name="test_agent_chat_returns_200_with_toggle_on" time="3.677" /><testcase classname="tests.test_wellness_journey" name="test_classify_sentiment_via_endpoint[calm and grounded-positive]" time="0.104" /><testcase classname="tests.test_wellness_journey" name="test_classify_sentiment_via_endpoint[not calm-negative]" time="0.107" /><testcase classname="tests.test_wellness_journey" name="test_classify_sentiment_via_endpoint[nothing shifted-negative]" time="0.102" /><testcase classname="tests.test_wellness_journey" name="test_classify_sentiment_via_endpoint[It was okay I guess-neutral]" time="0.104" /><testcase classname="tests.test_wellness_journey" name="test_classify_sentiment_empty_string_rejected" time="0.107" /><testcase classname="tests.test_wellness_journey" name="test_reflection_response_length_cap" time="0.115" /><testcase classname="tests.test_wellness_journey" name="test_mood_bucket_matches_synonyms" time="4.852" /><testcase classname="tests.test_patterns" name="test_cold_start_returns_empty_below_3_rows" time="0.507" /><testcase classname="tests.test_patterns" name="test_top_frequency_pattern_fires" time="0.444" /><testcase classname="tests.test_patterns" name="test_top_frequency_not_fires_when_no_dominance" time="0.442" /><testcase classname="tests.test_patterns" name="test_preferred_time_of_day_fires" time="0.436" /><testcase classname="tests.test_patterns" name="test_mood_at_time_pattern_fires" time="0.451" /><testcase classname="tests.test_patterns" name="test_unused_soundscapes_pattern_fires" time="0.419" /><testcase classname="tests.test_patterns" name="test_unused_soundscapes_requires_5_sessions" time="0.430" /><testcase classname="tests.test_patterns" name="test_extension_favorite_pattern_fires" time="0.462" /><testcase classname="tests.test_patterns" name="test_extension_favorite_not_fires_when_ended_early" time="0.441" /><testcase classname="tests.test_patterns" name="test_dismiss_and_clear_flow" time="0.766" /><testcase classname="tests.test_patterns" name="test_dismiss_key_with_special_chars_url_encoded" time="0.429" /><testcase classname="tests.test_patterns" name="test_patterns_endpoints_require_auth" time="0.303" /><testcase classname="tests.test_patterns" name="test_agent_chat_ok_with_patterns_present" time="3.987" /><testcase classname="tests.test_patterns" name="test_patterns_cache_written_after_first_call" time="0.495" /><testcase classname="tests.test_patterns" name="test_patterns_cache_served_on_second_call" time="0.489" /><testcase classname="tests.test_patterns" name="test_patterns_cache_invalidated_by_journey_log" time="0.488" /><testcase classname="tests.test_patterns" name="test_patterns_cache_invalidated_by_reflection" time="0.596" /><testcase classname="tests.test_patterns" name="test_patterns_cache_expired_ttl_recomputes" time="0.541" /></testsuite></testsuites>