<?xml version="1.0" encoding="utf-8"?><testsuites name="pytest tests"><testsuite name="pytest" errors="0" failures="0" skipped="1" tests="108" time="92.108" timestamp="2026-06-27T03:49:15.841902+00:00" hostname="agent-env-ecc48b74-f010-4ac4-ad40-4999b9ebdf0d"><testcase classname="tests.test_prefs.TestPrefs" name="test_fresh_user_empty_prefs" time="0.606" /><testcase classname="tests.test_payment_methods" name="test_checkout_accepts_each_payment_method_preference[card]" time="1.723" /><testcase classname="tests.test_prefs.TestPrefs" name="test_auth_required_get" time="0.098" /><testcase classname="tests.test_prefs.TestPrefs" name="test_auth_required_put" time="0.096" /><testcase classname="tests.test_prefs.TestPrefs" name="test_put_full_payload_then_get_roundtrip" time="0.549" /><testcase classname="tests.test_prefs.TestPrefs" name="test_partial_put_merges" time="0.796" /><testcase classname="tests.test_payment_methods" name="test_checkout_accepts_each_payment_method_preference[apple_pay]" time="1.460" /><testcase classname="tests.test_prefs.TestPrefs" name="test_non_pro_pro_fields_stripped_then_kept_after_trial" time="0.704" /><testcase classname="tests.test_prefs.TestPrefs" name="test_validation_422[payload0]" time="0.417" /><testcase classname="tests.test_payment_methods" name="test_checkout_accepts_each_payment_method_preference[google_pay]" time="1.472" /><testcase classname="tests.test_prefs.TestPrefs" name="test_validation_422[payload1]" time="0.588" /><testcase classname="tests.test_prefs.TestPrefs" name="test_validation_422[payload2]" time="0.424" /><testcase classname="tests.test_prefs.TestPrefs" name="test_validation_422[payload3]" time="0.409" /><testcase classname="tests.test_payment_methods" name="test_checkout_accepts_each_payment_method_preference[link]" time="1.844" /><testcase classname="tests.test_prefs.TestPrefs" name="test_validation_422[payload4]" time="0.650" /><testcase classname="tests.test_prefs.TestPrefs" name="test_validation_422[payload5]" time="0.412" /><testcase classname="tests.test_prefs.TestPrefs" name="test_validation_422[payload6]" time="0.417" /><testcase classname="tests.test_prefs.TestPrefs" name="test_validation_422[payload7]" time="0.422" /><testcase classname="tests.test_payment_methods" name="test_checkout_default_payment_method_is_card_when_omitted" time="1.475" /><testcase classname="tests.test_prefs.TestPrefs" name="test_validation_422[payload8]" time="0.580" /><testcase classname="tests.test_subscription_mode" name="test_trial_endpoint_returns_410" time="0.421" /><testcase classname="tests.test_subscription_mode" name="test_checkout_creates_subscription_session_with_trial" time="1.241" /><testcase classname="tests.test_payment_methods" name="test_checkout_annual_plan_with_link_method" time="1.207" /><testcase classname="tests.test_subscription_mode" name="test_checkout_invalid_plan_400" time="0.417" /><testcase classname="tests.test_payment_methods" name="test_checkout_invalid_payment_method_returns_422" time="0.584" /><testcase classname="tests.test_subscription_mode" name="test_checkout_no_trial_when_trial_already_used" time="1.436" /><testcase classname="tests.test_payment_methods" name="test_checkout_invalid_payment_method_various[paypal]" time="0.417" /><testcase classname="tests.test_payment_methods" name="test_checkout_invalid_payment_method_various[APPLE_PAY]" time="0.463" /><testcase classname="tests.test_payment_methods" name="test_checkout_invalid_payment_method_various[]" time="0.595" /><testcase classname="tests.test_subscription_mode" name="test_billing_portal_without_customer_returns_400" time="0.648" /><testcase classname="tests.test_payment_methods" name="test_checkout_invalid_payment_method_various[wire]" time="0.599" /><testcase classname="tests.test_subscription_mode" name="test_billing_portal_after_checkout_returns_url" time="1.861" /><testcase classname="tests.test_payment_methods" name="test_checkout_invalid_payment_method_various[venmo]" time="0.416" /><testcase classname="tests.test_payment_methods" name="test_checkout_invalid_plan_still_400_with_payment_method" time="0.427" /><testcase classname="tests.test_payment_methods" name="test_checkout_unauthenticated_401" time="0.091" /><testcase classname="tests.test_subscription" name="test_plan_config_public_no_auth" time="0.095" /><testcase classname="tests.test_subscription" name="test_new_user_subscription_defaults" time="0.421" /><testcase classname="tests.test_subscription_mode" name="test_cancel_subscription_without_active_sub_returns_400" time="0.578" /><testcase classname="tests.test_subscription" name="test_start_trial_returns_410_gone" time="0.578" /><testcase classname="tests.test_subscription_mode" name="test_me_subscription_includes_new_fields" time="0.583" /><testcase classname="tests.test_subscription" name="test_session_cap_for_free_user" time="1.036" /><testcase classname="tests.test_subscription_mode" name="test_webhook_subscription_deleted_downgrades_user" time="0.487" /><testcase classname="tests.test_subscription_mode" name="test_webhook_invoice_payment_failed_flags_user" time="0.598" /><testcase classname="tests.test_subscription" name="test_checkout_invalid_plan_400" time="0.640" /><testcase classname="tests.test_subscription_mode" name="test_webhook_unknown_customer_does_not_500" time="0.096" /><testcase classname="tests.test_subscription_mode" name="test_stripe_timeout_returns_502_quickly" time="1.480" /><testcase classname="tests.test_subscription" name="test_change_password_then_login_with_new" time="2.269" /><testcase classname="tests.test_streak" name="test_admin_login_works" time="0.537" /><testcase classname="tests.test_streak" name="test_streak_requires_auth_get" time="0.254" /><testcase classname="tests.test_streak" name="test_streak_requires_auth_post" time="0.097" /><testcase classname="tests.test_subscription" name="test_admin_prices_non_admin_403" time="0.749" /><testcase classname="tests.test_streak" name="test_streak_initial_state_for_new_user" time="0.593" /><testcase classname="tests.test_streak" name="test_streak_first_checkin" time="36.304" /><testcase classname="tests.test_subscription" name="test_admin_prices_update_persists_and_reflected_in_public_config" time="68.781" /><testcase classname="tests.test_streak" name="test_streak_same_day_checkin_does_not_increment" time="0.165" /><testcase classname="tests.test_streak" name="test_session_crud" time="0.315" /><testcase classname="tests.test_checkout_error_handling" name="test_checkout_monthly_happy_returns_stripe_url" time="1.793" /><testcase classname="tests.test_checkout_error_handling" name="test_checkout_annual_happy_returns_stripe_url" time="1.209" /><testcase classname="tests.test_checkout_error_handling" name="test_checkout_requires_auth_returns_401" time="0.100" /><testcase classname="tests.test_checkout_error_handling" name="test_checkout_invalid_plan_returns_400" time="0.424" /><testcase classname="tests.test_checkout_error_handling" name="test_checkout_bad_stripe_key_returns_502" time="0.448" /><testcase classname="tests.test_checkout_error_handling" name="test_checkout_missing_stripe_key_returns_500" time="0.234" /><testcase classname="tests.test_profile_update" name="test_update_profile_with_valid_name" time="0.428" /><testcase classname="tests.test_profile_update" name="test_update_profile_empty_string_rejected" time="0.043" /><testcase classname="tests.test_profile_update" name="test_update_profile_whitespace_rejected" time="0.048" /><testcase classname="tests.test_profile_update" name="test_update_profile_too_long_rejected" time="0.052" /><testcase classname="tests.test_profile_update" name="test_update_profile_requires_auth" time="0.125" /><testcase classname="tests.test_profile_update" name="test_zz_restore_admin_name" time="0.138" /><testcase classname="tests.test_admin_users.TestAdminListUsers" name="test_list_requires_auth" time="0.106" /><testcase classname="tests.test_admin_users.TestAdminListUsers" name="test_list_requires_admin" time="0.767" /><testcase classname="tests.test_admin_users.TestAdminListUsers" name="test_admin_list_returns_users" time="0.445" /><testcase classname="tests.test_admin_users.TestAdminListUsers" name="test_search_filters_by_email" time="0.432" /><testcase classname="tests.test_admin_users.TestAdminListUsers" name="test_search_case_insensitive" time="0.434" /><testcase classname="tests.test_admin_users.TestGrantPro" name="test_grant_pro_as_non_admin_forbidden" time="0.976" /><testcase classname="tests.test_admin_users.TestGrantPro" name="test_grant_pro_nonexistent_user" time="0.108" /><testcase classname="tests.test_admin_users.TestGrantPro" name="test_grant_pro_then_list_shows_pro" time="0.526" /><testcase classname="tests.test_admin_users.TestGrantPro" name="test_grant_pro_extends_from_existing_pro_until" time="0.675" /><testcase classname="tests.test_stripe_routing.TestStripeClientHelperRouting" name="test_helper_sets_emergent_proxy_for_sk_test_emergent" time="0.000" /><testcase classname="tests.test_stripe_routing.TestStripeClientHelperRouting" name="test_helper_recovers_from_sticky_emergent_proxy_when_key_is_live" time="0.000" /><testcase classname="tests.test_stripe_routing.TestStripeClientHelperRouting" name="test_helper_resets_even_if_pre_corrupted_to_arbitrary_value" time="0.000" /><testcase classname="tests.test_stripe_routing.TestStripeClientHelperRouting" name="test_helper_handles_test_key_other_than_emergent" time="0.000" /><testcase classname="tests.test_stripe_routing.TestCheckoutLiveRegression" name="test_checkout_returns_real_stripe_url" time="1.343" /><testcase classname="tests.test_stripe_routing.TestCheckoutLiveRegression" name="test_checkout_with_each_method_still_works" time="2.352" /><testcase classname="tests.test_stripe_routing.TestCheckoutLiveRegression" name="test_payment_status_shape" time="0.944" /><testcase classname="tests.test_stripe_routing.TestCheckoutLiveRegression" name="test_webhook_endpoint_is_reachable" time="0.097" /><testcase classname="tests.test_admin_delete_users.TestRegression" name="test_sessions_402_gating_for_non_pro" time="1.515" /><testcase classname="tests.test_admin_delete_users.TestRegression" name="test_admin_list_still_works" time="0.111" /><testcase classname="tests.test_admin_delete_users.TestRegression" name="test_plan_prices_still_works" time="0.097" /><testcase classname="tests.test_admin_plan_prices.TestAdminPlanPrices" name="test_put_persists_and_get_returns_same" time="0.499" /><testcase classname="tests.test_admin_plan_prices.TestAdminPlanPrices" name="test_public_plan_config_reflects_updates" time="0.107" /><testcase classname="tests.test_admin_plan_prices.TestAdminPlanPrices" name="test_reset_back_to_defaults" time="0.090" /><testcase classname="tests.test_billing_history.TestBillingHistoryFilter" name="test_pending_checkout_is_hidden" time="1.038" /><testcase classname="tests.test_billing_history.TestBillingHistoryFilter" name="test_marking_paid_makes_it_appear" time="0.052" /><testcase classname="tests.test_billing_history.TestBillingHistoryFilter" name="test_cleanup_test_tx" time="0.004" /><testcase classname="tests.test_admin_users.TestRevokePro" name="test_revoke_as_non_admin_forbidden" time="0.733" /><testcase classname="tests.test_admin_users.TestRevokePro" name="test_revoke_after_grant_resets_to_basic" time="0.957" /><testcase classname="tests.test_admin_users.TestRegression" name="test_admin_plan_prices_still_works" time="0.103" /><testcase classname="tests.test_admin_users.TestRegression" name="test_me_subscription_still_works" time="0.112" /><testcase classname="tests.test_billing_history.TestBillingHistoryRegression" name="test_unauthenticated_rejected" time="0.171" /><testcase classname="tests.test_billing_history.TestBillingHistoryRegression" name="test_response_is_list" time="0.373" /><testcase classname="tests.test_prefs.TestPaymentsStatusPlan" name="test_status_returns_plan_field" time="1.662" /><testcase classname="tests.test_stripe_routing.TestCheckoutDiagnosticLog" name="test_checkout_emits_api_base_log_line" time="2.363" /><testcase classname="tests.test_admin_delete_users.TestAdminDeleteUser" name="test_delete_requires_auth" time="0.422" /><testcase classname="tests.test_admin_delete_users.TestAdminDeleteUser" name="test_delete_requires_admin" time="0.752" /><testcase classname="tests.test_admin_delete_users.TestAdminDeleteUser" name="test_delete_nonexistent_returns_404" time="0.458" /><testcase classname="tests.test_admin_delete_users.TestAdminDeleteUser" name="test_delete_own_admin_account_returns_400" time="0.196" /><testcase classname="tests.test_admin_delete_users.TestAdminDeleteUser" name="test_delete_user_succeeds_and_cascade" time="1.122" /><testcase classname="tests.test_admin_delete_users.TestAdminDeleteUser" name="test_delete_another_admin_returns_400" time="0.000"><skipped type="pytest.skip" message="No public endpoint to promote a user to admin; cannot seed a second admin in test environment.">/app/backend/tests/test_admin_delete_users.py:116: No public endpoint to promote a user to admin; cannot seed a second admin in test environment.</skipped></testcase></testsuite></testsuites>