<?xml version="1.0" encoding="utf-8"?><testsuites name="pytest tests"><testsuite name="pytest" errors="0" failures="0" skipped="0" tests="10" time="4.388" timestamp="2026-07-27T13:53:49.442055+00:00" hostname="agent-env-ecc48b74-f010-4ac4-ad40-4999b9ebdf0d"><testcase classname="tests.test_harmonic_blueprint_phase3" name="test_pro_generate_full_journey_with_rationale" time="1.236" /><testcase classname="tests.test_harmonic_blueprint_phase3" name="test_selection_targets_sub_band" time="0.052" /><testcase classname="tests.test_harmonic_blueprint_phase3" name="test_selection_targets_mid_band" time="0.055" /><testcase classname="tests.test_harmonic_blueprint_phase3" name="test_free_tier_returns_preview" time="0.443" /><testcase classname="tests.test_harmonic_blueprint_phase3" name="test_pro_no_profile_uses_demo_gaps" time="0.050" /><testcase classname="tests.test_harmonic_blueprint_phase3" name="test_get_latest_journey" time="0.123" /><testcase classname="tests.test_harmonic_blueprint_phase3" name="test_get_latest_journey_null_when_empty" time="0.053" /><testcase classname="tests.test_harmonic_blueprint_phase3" name="test_get_journey_available_to_free_user" time="0.412" /><testcase classname="tests.test_harmonic_blueprint_phase3" name="test_retention_keeps_latest_3" time="0.062" /><testcase classname="tests.test_harmonic_blueprint_phase3" name="test_rate_limit_after_capacity" time="0.985" /></testsuite></testsuites>