<?xml version="1.0" encoding="utf-8"?><testsuites name="pytest tests"><testsuite name="pytest" errors="0" failures="0" skipped="0" tests="11" time="1.971" timestamp="2026-07-27T13:27:26.628108+00:00" hostname="agent-env-ecc48b74-f010-4ac4-ad40-4999b9ebdf0d"><testcase classname="tests.test_harmonic_blueprint_phase2" name="test_fresh_get_returns_both_null" time="0.670" /><testcase classname="tests.test_harmonic_blueprint_phase2" name="test_get_eigenmode_endpoint_null_when_fresh" time="0.073" /><testcase classname="tests.test_harmonic_blueprint_phase2" name="test_first_save_becomes_eigenmode" time="0.136" /><testcase classname="tests.test_harmonic_blueprint_phase2" name="test_second_save_is_not_eigenmode" time="0.137" /><testcase classname="tests.test_harmonic_blueprint_phase2" name="test_confirmed_gaps_persisted" time="0.071" /><testcase classname="tests.test_harmonic_blueprint_phase2" name="test_promote_makes_new_eigenmode_and_clears_previous" time="0.073" /><testcase classname="tests.test_harmonic_blueprint_phase2" name="test_promote_nonexistent_returns_404" time="0.069" /><testcase classname="tests.test_harmonic_blueprint_phase2" name="test_retention_keeps_latest_5_plus_eigenmode" time="0.079" /><testcase classname="tests.test_harmonic_blueprint_phase2" name="test_legacy_profile_without_flag_auto_promoted" time="0.071" /><testcase classname="tests.test_harmonic_blueprint_phase2" name="test_free_user_get_eigenmode_402" time="0.428" /><testcase classname="tests.test_harmonic_blueprint_phase2" name="test_free_user_promote_402" time="0.074" /></testsuite></testsuites>