<?xml version="1.0" encoding="utf-8"?><testsuites name="pytest tests"><testsuite name="pytest" errors="0" failures="1" skipped="0" tests="21" time="21.820" timestamp="2026-07-29T11:28:04.565445+00:00" hostname="agent-env-ecc48b74-f010-4ac4-ad40-4999b9ebdf0d"><testcase classname="tests.test_wellness_journey" name="test_journey_log_full_payload" time="0.498" /><testcase classname="tests.test_wellness_journey" name="test_journey_log_too_short_rejected" time="0.139" /><testcase classname="tests.test_wellness_journey" name="test_journey_log_minimal_payload" time="0.050" /><testcase classname="tests.test_wellness_journey" name="test_journey_log_requires_auth" time="0.103" /><testcase classname="tests.test_wellness_journey" name="test_journey_list_requires_auth" time="0.101" /><testcase classname="tests.test_wellness_journey" name="test_journey_prune_to_30" time="1.885" /><testcase classname="tests.test_wellness_journey" name="test_agent_chat_with_journey_rows" time="5.497" /><testcase classname="tests.test_wellness_journey" name="test_reflection_positive_sentiment" time="0.145" /><testcase classname="tests.test_wellness_journey" name="test_reflection_negative_sentiment" time="0.097" /><testcase classname="tests.test_wellness_journey" name="test_reflection_neutral_sentiment_not_spuriously_positive" time="0.098" /><testcase classname="tests.test_wellness_journey" name="test_reflection_missing_entry_returns_404" time="0.052" /><testcase classname="tests.test_wellness_journey" name="test_reflection_other_users_entry_returns_404" time="0.095" /><testcase classname="tests.test_wellness_journey" name="test_reflection_requires_auth" time="0.178" /><testcase classname="tests.test_wellness_journey" name="test_preference_boost_prioritises_positive_frequency" time="6.553" /><testcase classname="tests.test_wellness_journey" name="test_classify_sentiment_via_endpoint[calm and grounded-positive]" time="0.095" /><testcase classname="tests.test_wellness_journey" name="test_classify_sentiment_via_endpoint[not calm-negative]" time="0.097" /><testcase classname="tests.test_wellness_journey" name="test_classify_sentiment_via_endpoint[nothing shifted-negative]" time="0.095"><failure message="AssertionError: 'nothing shifted' → got neutral, expected negative&#10;assert 'neutral' == 'negative'&#10;  &#10;  - negative&#10;  + neutral">backend/tests/test_wellness_journey.py:349: in test_classify_sentiment_via_endpoint
    assert got == expected, f"'{text}' → got {got}, expected {expected}"
E   AssertionError: 'nothing shifted' → got neutral, expected negative
E   assert 'neutral' == 'negative'
E     
E     - negative
E     + neutral</failure></testcase><testcase classname="tests.test_wellness_journey" name="test_classify_sentiment_via_endpoint[It was okay I guess-neutral]" time="0.105" /><testcase classname="tests.test_wellness_journey" name="test_classify_sentiment_empty_string_rejected" time="0.093" /><testcase classname="tests.test_wellness_journey" name="test_reflection_response_length_cap" time="0.090" /><testcase classname="tests.test_wellness_journey" name="test_mood_bucket_matches_synonyms" time="5.087" /></testsuite></testsuites>