<?xml version="1.0" encoding="utf-8"?><testsuites name="pytest tests"><testsuite name="pytest" errors="0" failures="0" skipped="0" tests="23" time="10.344" timestamp="2026-06-26T17:28:46.308491+00:00" hostname="agent-env-ecc48b74-f010-4ac4-ad40-4999b9ebdf0d"><testcase classname="tests.test_subscription" name="test_plan_config_public_no_auth" time="0.160" /><testcase classname="tests.test_prefs.TestPrefs" name="test_fresh_user_empty_prefs" time="0.683" /><testcase classname="tests.test_subscription" name="test_new_user_subscription_defaults" time="0.636" /><testcase classname="tests.test_prefs.TestPrefs" name="test_auth_required_get" time="0.100" /><testcase classname="tests.test_prefs.TestPrefs" name="test_auth_required_put" time="0.102" /><testcase classname="tests.test_subscription" name="test_start_trial_then_reuse_rejected" time="0.806" /><testcase classname="tests.test_prefs.TestPrefs" name="test_put_full_payload_then_get_roundtrip" time="0.714" /><testcase classname="tests.test_prefs.TestPrefs" name="test_partial_put_merges" time="0.786" /><testcase classname="tests.test_subscription" name="test_session_cap_for_free_user_then_pro_unlimited" time="1.572" /><testcase classname="tests.test_prefs.TestPrefs" name="test_validation_422[payload0]" time="0.467" /><testcase classname="tests.test_prefs.TestPrefs" name="test_validation_422[payload1]" time="0.422" /><testcase classname="tests.test_subscription" name="test_checkout_invalid_plan_400" time="0.591" /><testcase classname="tests.test_prefs.TestPrefs" name="test_validation_422[payload2]" time="0.589" /><testcase classname="tests.test_subscription" name="test_change_password_then_login_with_new" time="2.433" /><testcase classname="tests.test_prefs.TestPrefs" name="test_validation_422[payload3]" time="0.735" /><testcase classname="tests.test_prefs.TestPrefs" name="test_validation_422[payload4]" time="1.046" /><testcase classname="tests.test_prefs.TestPrefs" name="test_validation_422[payload5]" time="0.642" /><testcase classname="tests.test_subscription" name="test_admin_prices_non_admin_403" time="0.718" /><testcase classname="tests.test_prefs.TestPrefs" name="test_validation_422[payload6]" time="0.623" /><testcase classname="tests.test_prefs.TestPrefs" name="test_validation_422[payload7]" time="0.593" /><testcase classname="tests.test_subscription" name="test_admin_prices_update_persists_and_reflected_in_public_config" time="1.127" /><testcase classname="tests.test_prefs.TestPrefs" name="test_validation_422[payload8]" time="0.478" /><testcase classname="tests.test_prefs.TestPaymentsStatusPlan" name="test_status_returns_plan_field" time="1.745" /></testsuite></testsuites>