<?xml version="1.0" encoding="utf-8"?><testsuites name="pytest tests"><testsuite name="pytest" errors="0" failures="4" skipped="1" tests="108" time="96.770" timestamp="2026-06-27T03:33:38.839379+00:00" hostname="agent-env-ecc48b74-f010-4ac4-ad40-4999b9ebdf0d"><testcase classname="tests.test_prefs.TestPrefs" name="test_fresh_user_empty_prefs" time="0.619" /><testcase classname="tests.test_payment_methods" name="test_checkout_accepts_each_payment_method_preference[card]" time="1.695" /><testcase classname="tests.test_prefs.TestPrefs" name="test_auth_required_get" time="0.090" /><testcase classname="tests.test_prefs.TestPrefs" name="test_auth_required_put" time="0.094" /><testcase classname="tests.test_prefs.TestPrefs" name="test_put_full_payload_then_get_roundtrip" time="0.446"><failure message="AssertionError: {&quot;detail&quot;:&quot;The free trial now requires a payment method. Use POST /api/me/checkout with plan=monthly or plan=annual to start a Stripe Checkout session — the first 7 days are free and you can cancel anytime before billing begins.&quot;}&#10;assert 410 == 200&#10; +  where 410 = &lt;Response [410]&gt;.status_code">E   AssertionError: {"detail":"The free trial now requires a payment method. Use POST /api/me/checkout with plan=monthly or plan=annual to start a Stripe Checkout session — the first 7 days are free and you can cancel anytime before billing begins."}
    assert 410 == 200
     +  where 410 = &lt;Response [410]&gt;.status_code</failure></testcase><testcase classname="tests.test_prefs.TestPrefs" name="test_partial_put_merges" time="0.416"><failure message="AssertionError: {&quot;detail&quot;:&quot;The free trial now requires a payment method. Use POST /api/me/checkout with plan=monthly or plan=annual to start a Stripe Checkout session — the first 7 days are free and you can cancel anytime before billing begins.&quot;}&#10;assert 410 == 200&#10; +  where 410 = &lt;Response [410]&gt;.status_code">E   AssertionError: {"detail":"The free trial now requires a payment method. Use POST /api/me/checkout with plan=monthly or plan=annual to start a Stripe Checkout session — the first 7 days are free and you can cancel anytime before billing begins."}
    assert 410 == 200
     +  where 410 = &lt;Response [410]&gt;.status_code</failure></testcase><testcase classname="tests.test_prefs.TestPrefs" name="test_non_pro_pro_fields_stripped_then_kept_after_trial" time="0.780"><failure message="AssertionError: {&quot;detail&quot;:&quot;The free trial now requires a payment method. Use POST /api/me/checkout with plan=monthly or plan=annual to start a Stripe Checkout session — the first 7 days are free and you can cancel anytime before billing begins.&quot;}&#10;assert 410 == 200&#10; +  where 410 = &lt;Response [410]&gt;.status_code">E   AssertionError: {"detail":"The free trial now requires a payment method. Use POST /api/me/checkout with plan=monthly or plan=annual to start a Stripe Checkout session — the first 7 days are free and you can cancel anytime before billing begins."}
    assert 410 == 200
     +  where 410 = &lt;Response [410]&gt;.status_code</failure></testcase><testcase classname="tests.test_payment_methods" name="test_checkout_accepts_each_payment_method_preference[apple_pay]" time="1.765" /><testcase classname="tests.test_prefs.TestPrefs" name="test_validation_422[payload0]" time="0.422" /><testcase classname="tests.test_prefs.TestPrefs" name="test_validation_422[payload1]" time="0.660" /><testcase classname="tests.test_payment_methods" name="test_checkout_accepts_each_payment_method_preference[google_pay]" time="1.553" /><testcase classname="tests.test_prefs.TestPrefs" name="test_validation_422[payload2]" time="0.663" /><testcase classname="tests.test_prefs.TestPrefs" name="test_validation_422[payload3]" time="0.425" /><testcase classname="tests.test_prefs.TestPrefs" name="test_validation_422[payload4]" time="0.424" /><testcase classname="tests.test_payment_methods" name="test_checkout_accepts_each_payment_method_preference[link]" time="1.515" /><testcase classname="tests.test_prefs.TestPrefs" name="test_validation_422[payload5]" time="0.655" /><testcase classname="tests.test_prefs.TestPrefs" name="test_validation_422[payload6]" time="0.494" /><testcase classname="tests.test_prefs.TestPrefs" name="test_validation_422[payload7]" time="0.421" /><testcase classname="tests.test_payment_methods" name="test_checkout_default_payment_method_is_card_when_omitted" time="1.511" /><testcase classname="tests.test_prefs.TestPrefs" name="test_validation_422[payload8]" time="0.593" /><testcase classname="tests.test_subscription_mode" name="test_trial_endpoint_returns_410" time="0.429" /><testcase classname="tests.test_subscription_mode" name="test_checkout_creates_subscription_session_with_trial" time="1.327" /><testcase classname="tests.test_payment_methods" name="test_checkout_annual_plan_with_link_method" time="1.336" /><testcase classname="tests.test_subscription_mode" name="test_checkout_invalid_plan_400" time="0.455" /><testcase classname="tests.test_payment_methods" name="test_checkout_invalid_payment_method_returns_422" time="0.593" /><testcase classname="tests.test_subscription_mode" name="test_checkout_no_trial_when_trial_already_used" time="1.751" /><testcase classname="tests.test_payment_methods" name="test_checkout_invalid_payment_method_various[paypal]" time="0.443" /><testcase classname="tests.test_payment_methods" name="test_checkout_invalid_payment_method_various[APPLE_PAY]" time="0.426" /><testcase classname="tests.test_payment_methods" name="test_checkout_invalid_payment_method_various[]" time="0.435" /><testcase classname="tests.test_subscription_mode" name="test_billing_portal_without_customer_returns_400" time="0.602" /><testcase classname="tests.test_payment_methods" name="test_checkout_invalid_payment_method_various[wire]" time="0.831" /><testcase classname="tests.test_subscription_mode" name="test_billing_portal_after_checkout_returns_url" time="2.158" /><testcase classname="tests.test_payment_methods" name="test_checkout_invalid_payment_method_various[venmo]" time="0.437" /><testcase classname="tests.test_payment_methods" name="test_checkout_invalid_plan_still_400_with_payment_method" time="0.420" /><testcase classname="tests.test_payment_methods" name="test_checkout_unauthenticated_401" time="0.111" /><testcase classname="tests.test_subscription" name="test_plan_config_public_no_auth" time="0.110" /><testcase classname="tests.test_subscription" name="test_new_user_subscription_defaults" time="0.432" /><testcase classname="tests.test_subscription" name="test_start_trial_returns_410_gone" time="0.410" /><testcase classname="tests.test_subscription_mode" name="test_cancel_subscription_without_active_sub_returns_400" time="0.584" /><testcase classname="tests.test_subscription" name="test_session_cap_for_free_user" time="1.347" /><testcase classname="tests.test_subscription_mode" name="test_me_subscription_includes_new_fields" time="0.429" /><testcase classname="tests.test_subscription_mode" name="test_webhook_subscription_deleted_downgrades_user" time="0.475" /><testcase classname="tests.test_subscription" name="test_checkout_invalid_plan_400" time="0.599" /><testcase classname="tests.test_subscription_mode" name="test_webhook_invoice_payment_failed_flags_user" time="0.876" /><testcase classname="tests.test_subscription" name="test_change_password_then_login_with_new" time="37.921" /><testcase classname="tests.test_subscription_mode" name="test_webhook_unknown_customer_does_not_500" time="0.311" /><testcase classname="tests.test_subscription_mode" name="test_stripe_timeout_returns_502_quickly" time="21.496" /><testcase classname="tests.test_streak" name="test_admin_login_works" time="36.196" /><testcase classname="tests.test_subscription" name="test_admin_prices_non_admin_403" time="5.674" /><testcase classname="tests.test_subscription" name="test_admin_prices_update_persists_and_reflected_in_public_config" time="0.775" /><testcase classname="tests.test_admin_delete_users.TestAdminDeleteUser" name="test_delete_requires_auth" time="0.441" /><testcase classname="tests.test_streak" name="test_streak_requires_auth_get" time="0.153" /><testcase classname="tests.test_streak" name="test_streak_requires_auth_post" time="0.103" /><testcase classname="tests.test_streak" name="test_streak_initial_state_for_new_user" time="0.432" /><testcase classname="tests.test_streak" name="test_streak_first_checkin" time="0.201" /><testcase classname="tests.test_streak" name="test_streak_same_day_checkin_does_not_increment" time="0.099" /><testcase classname="tests.test_streak" name="test_session_crud" time="0.298" /><testcase classname="tests.test_checkout_error_handling" name="test_checkout_monthly_happy_returns_stripe_url" time="1.395" /><testcase classname="tests.test_checkout_error_handling" name="test_checkout_annual_happy_returns_stripe_url" time="1.271" /><testcase classname="tests.test_checkout_error_handling" name="test_checkout_requires_auth_returns_401" time="0.091" /><testcase classname="tests.test_checkout_error_handling" name="test_checkout_invalid_plan_returns_400" time="0.416" /><testcase classname="tests.test_checkout_error_handling" name="test_checkout_bad_stripe_key_returns_502" time="0.439"><failure message="stripe._error.AuthenticationError: Invalid API Key provided: sk_live_****************test">E   stripe._error.AuthenticationError: Invalid API Key provided: sk_live_****************test</failure></testcase><testcase classname="tests.test_checkout_error_handling" name="test_checkout_missing_stripe_key_returns_500" time="0.230" /><testcase classname="tests.test_profile_update" name="test_update_profile_with_valid_name" time="0.427" /><testcase classname="tests.test_profile_update" name="test_update_profile_empty_string_rejected" time="0.045" /><testcase classname="tests.test_profile_update" name="test_update_profile_whitespace_rejected" time="0.043" /><testcase classname="tests.test_profile_update" name="test_update_profile_too_long_rejected" time="0.047" /><testcase classname="tests.test_profile_update" name="test_update_profile_requires_auth" time="0.096" /><testcase classname="tests.test_profile_update" name="test_zz_restore_admin_name" time="0.354" /><testcase classname="tests.test_admin_delete_users.TestAdminDeleteUser" name="test_delete_requires_admin" time="20.265" /><testcase classname="tests.test_admin_users.TestAdminListUsers" name="test_list_requires_auth" time="0.090" /><testcase classname="tests.test_admin_users.TestAdminListUsers" name="test_list_requires_admin" time="1.166" /><testcase classname="tests.test_admin_delete_users.TestAdminDeleteUser" name="test_delete_nonexistent_returns_404" time="0.569" /><testcase classname="tests.test_admin_delete_users.TestAdminDeleteUser" name="test_delete_own_admin_account_returns_400" time="0.421" /><testcase classname="tests.test_admin_users.TestAdminListUsers" name="test_admin_list_returns_users" time="0.442" /><testcase classname="tests.test_admin_delete_users.TestAdminDeleteUser" name="test_delete_user_succeeds_and_cascade" time="1.805" /><testcase classname="tests.test_admin_users.TestAdminListUsers" name="test_search_filters_by_email" time="0.746" /><testcase classname="tests.test_admin_users.TestAdminListUsers" name="test_search_case_insensitive" time="0.409" /><testcase classname="tests.test_stripe_routing.TestStripeClientHelperRouting" name="test_helper_sets_emergent_proxy_for_sk_test_emergent" time="0.000" /><testcase classname="tests.test_stripe_routing.TestStripeClientHelperRouting" name="test_helper_recovers_from_sticky_emergent_proxy_when_key_is_live" time="0.000" /><testcase classname="tests.test_stripe_routing.TestStripeClientHelperRouting" name="test_helper_resets_even_if_pre_corrupted_to_arbitrary_value" time="0.000" /><testcase classname="tests.test_stripe_routing.TestStripeClientHelperRouting" name="test_helper_handles_test_key_other_than_emergent" time="0.000" /><testcase classname="tests.test_stripe_routing.TestCheckoutLiveRegression" name="test_checkout_returns_real_stripe_url" time="1.619" /><testcase classname="tests.test_admin_delete_users.TestAdminDeleteUser" name="test_delete_another_admin_returns_400" time="0.000"><skipped type="pytest.skip" message="No public endpoint to promote a user to admin; cannot seed a second admin in test environment.">/app/backend/tests/test_admin_delete_users.py:116: No public endpoint to promote a user to admin; cannot seed a second admin in test environment.</skipped></testcase><testcase classname="tests.test_admin_users.TestGrantPro" name="test_grant_pro_as_non_admin_forbidden" time="0.754" /><testcase classname="tests.test_admin_users.TestGrantPro" name="test_grant_pro_nonexistent_user" time="0.446" /><testcase classname="tests.test_stripe_routing.TestCheckoutLiveRegression" name="test_checkout_with_each_method_still_works" time="2.988" /><testcase classname="tests.test_admin_users.TestGrantPro" name="test_grant_pro_then_list_shows_pro" time="0.525" /><testcase classname="tests.test_admin_users.TestGrantPro" name="test_grant_pro_extends_from_existing_pro_until" time="0.635" /><testcase classname="tests.test_admin_delete_users.TestRegression" name="test_sessions_402_gating_for_non_pro" time="1.498" /><testcase classname="tests.test_admin_delete_users.TestRegression" name="test_admin_list_still_works" time="0.107" /><testcase classname="tests.test_admin_delete_users.TestRegression" name="test_plan_prices_still_works" time="0.098" /><testcase classname="tests.test_stripe_routing.TestCheckoutLiveRegression" name="test_payment_status_shape" time="1.390" /><testcase classname="tests.test_admin_plan_prices.TestAdminPlanPrices" name="test_put_persists_and_get_returns_same" time="0.486" /><testcase classname="tests.test_admin_plan_prices.TestAdminPlanPrices" name="test_public_plan_config_reflects_updates" time="0.096" /><testcase classname="tests.test_admin_plan_prices.TestAdminPlanPrices" name="test_reset_back_to_defaults" time="0.088" /><testcase classname="tests.test_admin_users.TestRevokePro" name="test_revoke_as_non_admin_forbidden" time="0.795" /><testcase classname="tests.test_stripe_routing.TestCheckoutLiveRegression" name="test_webhook_endpoint_is_reachable" time="0.128" /><testcase classname="tests.test_billing_history.TestBillingHistoryFilter" name="test_pending_checkout_is_hidden" time="1.777" /><testcase classname="tests.test_admin_users.TestRevokePro" name="test_revoke_after_grant_resets_to_basic" time="1.165" /><testcase classname="tests.test_admin_users.TestRegression" name="test_admin_plan_prices_still_works" time="0.099" /><testcase classname="tests.test_admin_users.TestRegression" name="test_me_subscription_still_works" time="0.097" /><testcase classname="tests.test_billing_history.TestBillingHistoryRegression" name="test_unauthenticated_rejected" time="0.097" /><testcase classname="tests.test_billing_history.TestBillingHistoryRegression" name="test_response_is_list" time="0.375" /><testcase classname="tests.test_billing_history.TestBillingHistoryFilter" name="test_marking_paid_makes_it_appear" time="0.047" /><testcase classname="tests.test_prefs.TestPaymentsStatusPlan" name="test_status_returns_plan_field" time="1.616" /><testcase classname="tests.test_billing_history.TestBillingHistoryFilter" name="test_cleanup_test_tx" time="0.006" /><testcase classname="tests.test_stripe_routing.TestCheckoutDiagnosticLog" name="test_checkout_emits_api_base_log_line" time="2.277" /></testsuite></testsuites>