<?xml version="1.0" encoding="utf-8"?><testsuites name="pytest tests"><testsuite name="pytest" errors="0" failures="0" skipped="0" tests="38" time="17.709" timestamp="2026-06-26T20:03:40.548987+00:00" hostname="agent-env-ecc48b74-f010-4ac4-ad40-4999b9ebdf0d"><testcase classname="tests.test_payment_methods" name="test_checkout_accepts_each_payment_method_preference[card]" time="1.158" /><testcase classname="tests.test_prefs.TestPrefs" name="test_fresh_user_empty_prefs" time="0.629" /><testcase classname="tests.test_prefs.TestPrefs" name="test_auth_required_get" time="0.102" /><testcase classname="tests.test_prefs.TestPrefs" name="test_auth_required_put" time="0.379" /><testcase classname="tests.test_prefs.TestPrefs" name="test_put_full_payload_then_get_roundtrip" time="1.432" /><testcase classname="tests.test_payment_methods" name="test_checkout_accepts_each_payment_method_preference[apple_pay]" time="1.046" /><testcase classname="tests.test_payment_methods" name="test_checkout_accepts_each_payment_method_preference[google_pay]" time="0.833" /><testcase classname="tests.test_prefs.TestPrefs" name="test_partial_put_merges" time="1.812" /><testcase classname="tests.test_payment_methods" name="test_checkout_accepts_each_payment_method_preference[link]" time="0.988" /><testcase classname="tests.test_payment_methods" name="test_checkout_default_payment_method_is_card_when_omitted" time="0.783" /><testcase classname="tests.test_prefs.TestPrefs" name="test_non_pro_pro_fields_stripped_then_kept_after_trial" time="2.002" /><testcase classname="tests.test_payment_methods" name="test_checkout_annual_plan_with_link_method" time="1.013" /><testcase classname="tests.test_payment_methods" name="test_checkout_invalid_payment_method_returns_422" time="0.483" /><testcase classname="tests.test_payment_methods" name="test_checkout_invalid_payment_method_various[paypal]" time="0.587" /><testcase classname="tests.test_prefs.TestPrefs" name="test_validation_422[payload0]" time="0.642" /><testcase classname="tests.test_payment_methods" name="test_checkout_invalid_payment_method_various[APPLE_PAY]" time="0.613" /><testcase classname="tests.test_prefs.TestPrefs" name="test_validation_422[payload1]" time="0.835" /><testcase classname="tests.test_payment_methods" name="test_checkout_invalid_payment_method_various[]" time="0.657" /><testcase classname="tests.test_prefs.TestPrefs" name="test_validation_422[payload2]" time="0.427" /><testcase classname="tests.test_payment_methods" name="test_checkout_invalid_payment_method_various[wire]" time="0.584" /><testcase classname="tests.test_prefs.TestPrefs" name="test_validation_422[payload3]" time="0.584" /><testcase classname="tests.test_payment_methods" name="test_checkout_invalid_payment_method_various[venmo]" time="0.585" /><testcase classname="tests.test_prefs.TestPrefs" name="test_validation_422[payload4]" time="0.806" /><testcase classname="tests.test_payment_methods" name="test_checkout_invalid_plan_still_400_with_payment_method" time="0.433" /><testcase classname="tests.test_prefs.TestPrefs" name="test_validation_422[payload5]" time="0.451" /><testcase classname="tests.test_payment_methods" name="test_checkout_unauthenticated_401" time="0.236" /><testcase classname="tests.test_subscription" name="test_plan_config_public_no_auth" time="0.103" /><testcase classname="tests.test_subscription" name="test_new_user_subscription_defaults" time="0.618" /><testcase classname="tests.test_prefs.TestPrefs" name="test_validation_422[payload6]" time="0.727" /><testcase classname="tests.test_subscription" name="test_start_trial_then_reuse_rejected" time="1.053" /><testcase classname="tests.test_prefs.TestPrefs" name="test_validation_422[payload7]" time="0.599" /><testcase classname="tests.test_prefs.TestPrefs" name="test_validation_422[payload8]" time="0.443" /><testcase classname="tests.test_subscription" name="test_session_cap_for_free_user_then_pro_unlimited" time="1.619" /><testcase classname="tests.test_prefs.TestPaymentsStatusPlan" name="test_status_returns_plan_field" time="1.300" /><testcase classname="tests.test_subscription" name="test_checkout_invalid_plan_400" time="0.436" /><testcase classname="tests.test_subscription" name="test_change_password_then_login_with_new" time="1.959" /><testcase classname="tests.test_subscription" name="test_admin_prices_non_admin_403" time="0.546" /><testcase classname="tests.test_subscription" name="test_admin_prices_update_persists_and_reflected_in_public_config" time="0.768" /></testsuite></testsuites>