<?xml version="1.0" encoding="utf-8"?><testsuites name="pytest tests"><testsuite name="pytest" errors="0" failures="2" skipped="1" tests="53" time="19.347" timestamp="2026-06-26T16:30:09.907432+00:00" hostname="agent-env-ecc48b74-f010-4ac4-ad40-4999b9ebdf0d"><testcase classname="tests.test_streak" name="test_admin_login_works" time="0.417" /><testcase classname="tests.test_subscription" name="test_plan_config_public_no_auth" time="0.403" /><testcase classname="tests.test_subscription" name="test_new_user_subscription_defaults" time="1.515" /><testcase classname="tests.test_streak" name="test_streak_requires_auth_get" time="0.108" /><testcase classname="tests.test_streak" name="test_streak_requires_auth_post" time="0.485" /><testcase classname="tests.test_streak" name="test_streak_initial_state_for_new_user" time="0.504" /><testcase classname="tests.test_streak" name="test_streak_first_checkin" time="0.271" /><testcase classname="tests.test_streak" name="test_streak_same_day_checkin_does_not_increment" time="0.181" /><testcase classname="tests.test_subscription" name="test_start_trial_then_reuse_rejected" time="0.894" /><testcase classname="tests.test_streak" name="test_session_crud" time="0.496" /><testcase classname="tests.test_subscription" name="test_session_cap_for_free_user_then_pro_unlimited" time="1.566" /><testcase classname="tests.test_admin_delete_users.TestAdminDeleteUser" name="test_delete_requires_auth" time="0.679" /><testcase classname="tests.test_admin_delete_users.TestAdminDeleteUser" name="test_delete_requires_admin" time="0.791" /><testcase classname="tests.test_admin_delete_users.TestAdminDeleteUser" name="test_delete_nonexistent_returns_404" time="0.491" /><testcase classname="tests.test_subscription" name="test_checkout_monthly_creates_transaction" time="1.909"><failure message="AssertionError: transaction cs_test_a15aXBlkOxY6zm7JkaDIUy2XkHTg3TwDuArZx2RIllx275RuVmyNhUYYws not in list&#10;assert None">E   AssertionError: transaction cs_test_a15aXBlkOxY6zm7JkaDIUy2XkHTg3TwDuArZx2RIllx275RuVmyNhUYYws not in list
    assert None</failure></testcase><testcase classname="tests.test_admin_delete_users.TestAdminDeleteUser" name="test_delete_own_admin_account_returns_400" time="1.044" /><testcase classname="tests.test_subscription" name="test_checkout_annual_creates_transaction" time="1.147"><failure message="assert None">E   assert None</failure></testcase><testcase classname="tests.test_admin_delete_users.TestAdminDeleteUser" name="test_delete_user_succeeds_and_cascade" time="2.766" /><testcase classname="tests.test_subscription" name="test_checkout_invalid_plan_400" time="0.466" /><testcase classname="tests.test_subscription" name="test_change_password_then_login_with_new" time="2.061" /><testcase classname="tests.test_admin_delete_users.TestAdminDeleteUser" name="test_delete_another_admin_returns_400" time="0.000"><skipped type="pytest.skip" message="No public endpoint to promote a user to admin; cannot seed a second admin in test environment.">/app/backend/tests/test_admin_delete_users.py:116: No public endpoint to promote a user to admin; cannot seed a second admin in test environment.</skipped></testcase><testcase classname="tests.test_profile_update" name="test_update_profile_with_valid_name" time="1.065" /><testcase classname="tests.test_profile_update" name="test_update_profile_empty_string_rejected" time="0.050" /><testcase classname="tests.test_profile_update" name="test_update_profile_whitespace_rejected" time="0.235" /><testcase classname="tests.test_profile_update" name="test_update_profile_too_long_rejected" time="0.086" /><testcase classname="tests.test_profile_update" name="test_update_profile_requires_auth" time="0.286" /><testcase classname="tests.test_profile_update" name="test_zz_restore_admin_name" time="0.364" /><testcase classname="tests.test_subscription" name="test_admin_prices_non_admin_403" time="0.820" /><testcase classname="tests.test_admin_users.TestAdminListUsers" name="test_list_requires_auth" time="0.110" /><testcase classname="tests.test_subscription" name="test_admin_prices_update_persists_and_reflected_in_public_config" time="1.117" /><testcase classname="tests.test_admin_users.TestAdminListUsers" name="test_list_requires_admin" time="1.032" /><testcase classname="tests.test_admin_users.TestAdminListUsers" name="test_admin_list_returns_users" time="0.427" /><testcase classname="tests.test_admin_users.TestGrantPro" name="test_grant_pro_as_non_admin_forbidden" time="0.936" /><testcase classname="tests.test_admin_users.TestAdminListUsers" name="test_search_filters_by_email" time="0.836" /><testcase classname="tests.test_admin_users.TestAdminListUsers" name="test_search_case_insensitive" time="0.604" /><testcase classname="tests.test_admin_users.TestGrantPro" name="test_grant_pro_nonexistent_user" time="0.653" /><testcase classname="tests.test_admin_delete_users.TestRegression" name="test_sessions_402_gating_for_non_pro" time="1.910" /><testcase classname="tests.test_admin_users.TestGrantPro" name="test_grant_pro_then_list_shows_pro" time="0.833" /><testcase classname="tests.test_admin_users.TestGrantPro" name="test_grant_pro_extends_from_existing_pro_until" time="0.870" /><testcase classname="tests.test_admin_delete_users.TestRegression" name="test_admin_list_still_works" time="0.273" /><testcase classname="tests.test_admin_delete_users.TestRegression" name="test_plan_prices_still_works" time="0.150" /><testcase classname="tests.test_admin_plan_prices.TestAdminPlanPrices" name="test_put_persists_and_get_returns_same" time="0.481" /><testcase classname="tests.test_admin_plan_prices.TestAdminPlanPrices" name="test_public_plan_config_reflects_updates" time="0.326" /><testcase classname="tests.test_billing_history.TestBillingHistoryFilter" name="test_pending_checkout_is_hidden" time="0.914" /><testcase classname="tests.test_admin_plan_prices.TestAdminPlanPrices" name="test_reset_back_to_defaults" time="0.571" /><testcase classname="tests.test_billing_history.TestBillingHistoryFilter" name="test_marking_paid_makes_it_appear" time="0.050" /><testcase classname="tests.test_billing_history.TestBillingHistoryFilter" name="test_cleanup_test_tx" time="0.005" /><testcase classname="tests.test_billing_history.TestBillingHistoryRegression" name="test_unauthenticated_rejected" time="0.272" /><testcase classname="tests.test_billing_history.TestBillingHistoryRegression" name="test_response_is_list" time="0.048" /><testcase classname="tests.test_admin_users.TestRevokePro" name="test_revoke_as_non_admin_forbidden" time="0.788" /><testcase classname="tests.test_admin_users.TestRevokePro" name="test_revoke_after_grant_resets_to_basic" time="1.007" /><testcase classname="tests.test_admin_users.TestRegression" name="test_admin_plan_prices_still_works" time="0.114" /><testcase classname="tests.test_admin_users.TestRegression" name="test_me_subscription_still_works" time="0.112" /></testsuite></testsuites>