<?xml version="1.0" encoding="utf-8"?><testsuites name="pytest tests"><testsuite name="pytest" errors="0" failures="0" skipped="0" tests="19" time="28.721" timestamp="2026-07-29T12:59:39.934190+00:00" hostname="agent-env-ecc48b74-f010-4ac4-ad40-4999b9ebdf0d"><testcase classname="tests.test_hb_settings" name="test_hb_note_confirmed_gap_in_band" time="0.000" /><testcase classname="tests.test_hb_settings" name="test_hb_note_confirmed_gap_uses_key_when_no_label" time="0.000" /><testcase classname="tests.test_hb_settings" name="test_hb_note_drift_band_when_delta_ge_3" time="0.000" /><testcase classname="tests.test_hb_settings" name="test_hb_note_drift_band_positive_delta" time="0.000" /><testcase classname="tests.test_hb_settings" name="test_hb_note_weak_drift_below_threshold_returns_none" time="0.000" /><testcase classname="tests.test_hb_settings" name="test_hb_note_out_of_band_returns_none" time="0.000" /><testcase classname="tests.test_hb_settings" name="test_hb_note_invalid_hz_returns_none" time="0.000" /><testcase classname="tests.test_hb_settings" name="test_hb_note_empty_lists_return_none" time="0.000" /><testcase classname="tests.test_hb_settings" name="test_hb_note_gap_takes_precedence_over_drift" time="0.000" /><testcase classname="tests.test_hb_settings" name="test_hb_note_bad_band_shape_skipped" time="0.000" /><testcase classname="tests.test_hb_settings" name="test_settings_default_true_for_fresh_user" time="0.643" /><testcase classname="tests.test_hb_settings" name="test_settings_roundtrip_persists" time="0.945" /><testcase classname="tests.test_hb_settings" name="test_settings_empty_body_is_noop" time="0.473" /><testcase classname="tests.test_hb_settings" name="test_settings_unknown_fields_ignored" time="0.420" /><testcase classname="tests.test_hb_settings" name="test_settings_requires_auth" time="0.211" /><testcase classname="tests.test_hb_settings" name="test_ai_recommend_harmonic_note_when_toggle_on_and_in_band" time="4.031" /><testcase classname="tests.test_hb_settings" name="test_ai_recommend_no_harmonic_note_when_toggle_off" time="8.015" /><testcase classname="tests.test_hb_settings" name="test_agent_chat_no_harmonic_note_when_toggle_off" time="5.177" /><testcase classname="tests.test_hb_settings" name="test_agent_chat_returns_200_with_toggle_on" time="4.282" /></testsuite></testsuites>