<?xml version="1.0" encoding="utf-8"?><testsuites name="pytest tests"><testsuite name="pytest" errors="0" failures="0" skipped="0" tests="7" time="12.226" timestamp="2026-07-29T11:01:55.387298+00:00" hostname="agent-env-ecc48b74-f010-4ac4-ad40-4999b9ebdf0d"><testcase classname="tests.test_wellness_journey" name="test_journey_log_full_payload" time="0.486" /><testcase classname="tests.test_wellness_journey" name="test_journey_log_too_short_rejected" time="0.134" /><testcase classname="tests.test_wellness_journey" name="test_journey_log_minimal_payload" time="0.045" /><testcase classname="tests.test_wellness_journey" name="test_journey_log_requires_auth" time="0.097" /><testcase classname="tests.test_wellness_journey" name="test_journey_list_requires_auth" time="0.099" /><testcase classname="tests.test_wellness_journey" name="test_journey_prune_to_30" time="1.967" /><testcase classname="tests.test_wellness_journey" name="test_agent_chat_with_journey_rows" time="8.848" /></testsuite></testsuites>