<?xml version="1.0" encoding="utf-8"?><testsuites name="pytest tests"><testsuite name="pytest" errors="0" failures="0" skipped="0" tests="23" time="9.728" timestamp="2026-06-26T17:36:45.691913+00:00" hostname="agent-env-ecc48b74-f010-4ac4-ad40-4999b9ebdf0d"><testcase classname="tests.test_subscription" name="test_plan_config_public_no_auth" time="0.181" /><testcase classname="tests.test_prefs.TestPrefs" name="test_fresh_user_empty_prefs" time="0.676" /><testcase classname="tests.test_subscription" name="test_new_user_subscription_defaults" time="0.637" /><testcase classname="tests.test_prefs.TestPrefs" name="test_auth_required_get" time="0.095" /><testcase classname="tests.test_prefs.TestPrefs" name="test_auth_required_put" time="0.107" /><testcase classname="tests.test_subscription" name="test_start_trial_then_reuse_rejected" time="0.784" /><testcase classname="tests.test_prefs.TestPrefs" name="test_put_full_payload_then_get_roundtrip" time="0.739" /><testcase classname="tests.test_subscription" name="test_session_cap_for_free_user_then_pro_unlimited" time="1.612" /><testcase classname="tests.test_prefs.TestPrefs" name="test_partial_put_merges" time="0.829" /><testcase classname="tests.test_prefs.TestPrefs" name="test_validation_422[payload0]" time="0.439" /><testcase classname="tests.test_prefs.TestPrefs" name="test_validation_422[payload1]" time="0.422" /><testcase classname="tests.test_subscription" name="test_checkout_invalid_plan_400" time="0.574" /><testcase classname="tests.test_prefs.TestPrefs" name="test_validation_422[payload2]" time="0.578" /><testcase classname="tests.test_subscription" name="test_change_password_then_login_with_new" time="2.201" /><testcase classname="tests.test_prefs.TestPrefs" name="test_validation_422[payload3]" time="0.731" /><testcase classname="tests.test_prefs.TestPrefs" name="test_validation_422[payload4]" time="1.050" /><testcase classname="tests.test_prefs.TestPrefs" name="test_validation_422[payload5]" time="0.832" /><testcase classname="tests.test_subscription" name="test_admin_prices_non_admin_403" time="0.837" /><testcase classname="tests.test_prefs.TestPrefs" name="test_validation_422[payload6]" time="0.648" /><testcase classname="tests.test_subscription" name="test_admin_prices_update_persists_and_reflected_in_public_config" time="0.917" /><testcase classname="tests.test_prefs.TestPrefs" name="test_validation_422[payload7]" time="0.508" /><testcase classname="tests.test_prefs.TestPrefs" name="test_validation_422[payload8]" time="0.607" /><testcase classname="tests.test_prefs.TestPaymentsStatusPlan" name="test_status_returns_plan_field" time="1.459" /></testsuite></testsuites>