<?xml version="1.0" encoding="utf-8"?><testsuites name="pytest tests"><testsuite name="pytest" errors="0" failures="2" skipped="1" tests="47" time="17.808" timestamp="2026-06-26T15:50:31.741021+00:00" hostname="agent-env-ecc48b74-f010-4ac4-ad40-4999b9ebdf0d"><testcase classname="tests.test_streak" name="test_admin_login_works" time="0.581" /><testcase classname="tests.test_subscription" name="test_plan_config_public_no_auth" time="0.285" /><testcase classname="tests.test_subscription" name="test_new_user_subscription_defaults" time="0.696" /><testcase classname="tests.test_streak" name="test_streak_requires_auth_get" time="0.216" /><testcase classname="tests.test_streak" name="test_streak_requires_auth_post" time="0.147" /><testcase classname="tests.test_subscription" name="test_start_trial_then_reuse_rejected" time="0.965" /><testcase classname="tests.test_streak" name="test_streak_initial_state_for_new_user" time="0.592" /><testcase classname="tests.test_streak" name="test_streak_first_checkin" time="0.247" /><testcase classname="tests.test_streak" name="test_streak_same_day_checkin_does_not_increment" time="0.110" /><testcase classname="tests.test_streak" name="test_session_crud" time="0.502" /><testcase classname="tests.test_subscription" name="test_session_cap_for_free_user_then_pro_unlimited" time="1.613" /><testcase classname="tests.test_admin_delete_users.TestAdminDeleteUser" name="test_delete_requires_auth" time="0.438" /><testcase classname="tests.test_admin_delete_users.TestAdminDeleteUser" name="test_delete_requires_admin" time="0.820" /><testcase classname="tests.test_subscription" name="test_checkout_monthly_creates_transaction" time="1.409"><failure message="AssertionError: transaction cs_test_a1b8YYZYI9xiLJqNhwTdSIdfKBVpvJyBIPNuBmn0o1GWC9nnLVInP3gq18 not in list&#10;assert None">backend/tests/test_subscription.py:129: in test_checkout_monthly_creates_transaction
    assert match, f"transaction {sid} not in list"
E   AssertionError: transaction cs_test_a1b8YYZYI9xiLJqNhwTdSIdfKBVpvJyBIPNuBmn0o1GWC9nnLVInP3gq18 not in list
E   assert None</failure></testcase><testcase classname="tests.test_admin_delete_users.TestAdminDeleteUser" name="test_delete_nonexistent_returns_404" time="1.209" /><testcase classname="tests.test_admin_delete_users.TestAdminDeleteUser" name="test_delete_own_admin_account_returns_400" time="0.455" /><testcase classname="tests.test_subscription" name="test_checkout_annual_creates_transaction" time="1.384"><failure message="assert None">backend/tests/test_subscription.py:146: in test_checkout_annual_creates_transaction
    assert match
E   assert None</failure></testcase><testcase classname="tests.test_admin_delete_users.TestAdminDeleteUser" name="test_delete_user_succeeds_and_cascade" time="2.162" /><testcase classname="tests.test_subscription" name="test_checkout_invalid_plan_400" time="0.440" /><testcase classname="tests.test_subscription" name="test_change_password_then_login_with_new" time="2.041" /><testcase classname="tests.test_admin_delete_users.TestAdminDeleteUser" name="test_delete_another_admin_returns_400" time="0.000"><skipped type="pytest.skip" message="No public endpoint to promote a user to admin; cannot seed a second admin in test environment.">/app/backend/tests/test_admin_delete_users.py:116: No public endpoint to promote a user to admin; cannot seed a second admin in test environment.</skipped></testcase><testcase classname="tests.test_admin_users.TestAdminListUsers" name="test_list_requires_auth" time="0.538" /><testcase classname="tests.test_admin_users.TestAdminListUsers" name="test_list_requires_admin" time="1.344" /><testcase classname="tests.test_subscription" name="test_admin_prices_non_admin_403" time="0.948" /><testcase classname="tests.test_admin_users.TestAdminListUsers" name="test_admin_list_returns_users" time="0.441" /><testcase classname="tests.test_subscription" name="test_admin_prices_update_persists_and_reflected_in_public_config" time="1.153" /><testcase classname="tests.test_admin_users.TestAdminListUsers" name="test_search_filters_by_email" time="0.725" /><testcase classname="tests.test_admin_users.TestAdminListUsers" name="test_search_case_insensitive" time="0.493" /><testcase classname="tests.test_admin_users.TestGrantPro" name="test_grant_pro_as_non_admin_forbidden" time="1.110" /><testcase classname="tests.test_admin_delete_users.TestRegression" name="test_sessions_402_gating_for_non_pro" time="2.310" /><testcase classname="tests.test_admin_users.TestGrantPro" name="test_grant_pro_nonexistent_user" time="0.689" /><testcase classname="tests.test_admin_users.TestGrantPro" name="test_grant_pro_then_list_shows_pro" time="0.519" /><testcase classname="tests.test_admin_delete_users.TestRegression" name="test_admin_list_still_works" time="0.274" /><testcase classname="tests.test_admin_users.TestGrantPro" name="test_grant_pro_extends_from_existing_pro_until" time="1.253" /><testcase classname="tests.test_admin_delete_users.TestRegression" name="test_plan_prices_still_works" time="0.101" /><testcase classname="tests.test_billing_history.TestBillingHistoryFilter" name="test_pending_checkout_is_hidden" time="0.863" /><testcase classname="tests.test_billing_history.TestBillingHistoryFilter" name="test_marking_paid_makes_it_appear" time="0.052" /><testcase classname="tests.test_billing_history.TestBillingHistoryFilter" name="test_cleanup_test_tx" time="0.004" /><testcase classname="tests.test_admin_plan_prices.TestAdminPlanPrices" name="test_put_persists_and_get_returns_same" time="0.673" /><testcase classname="tests.test_admin_users.TestRevokePro" name="test_revoke_as_non_admin_forbidden" time="1.034" /><testcase classname="tests.test_admin_plan_prices.TestAdminPlanPrices" name="test_public_plan_config_reflects_updates" time="0.231" /><testcase classname="tests.test_admin_plan_prices.TestAdminPlanPrices" name="test_reset_back_to_defaults" time="0.151" /><testcase classname="tests.test_billing_history.TestBillingHistoryRegression" name="test_unauthenticated_rejected" time="0.097" /><testcase classname="tests.test_billing_history.TestBillingHistoryRegression" name="test_response_is_list" time="0.793" /><testcase classname="tests.test_admin_users.TestRevokePro" name="test_revoke_after_grant_resets_to_basic" time="1.116" /><testcase classname="tests.test_admin_users.TestRegression" name="test_admin_plan_prices_still_works" time="0.104" /><testcase classname="tests.test_admin_users.TestRegression" name="test_me_subscription_still_works" time="0.114" /></testsuite></testsuites>