<?xml version="1.0" encoding="utf-8"?><testsuites name="pytest tests"><testsuite name="pytest" errors="0" failures="0" skipped="0" tests="3" time="3.269" timestamp="2026-07-01T13:27:24.280545+00:00" hostname="agent-env-ecc48b74-f010-4ac4-ad40-4999b9ebdf0d"><testcase classname="tests.test_sound_bath_sessions.TestSoundBathSessions" name="test_create_session_with_sound_bath_roundtrips" time="0.971" /><testcase classname="tests.test_sound_bath_sessions.TestSoundBathSessions" name="test_create_session_without_sound_bath_backward_compat" time="0.372" /><testcase classname="tests.test_sound_bath_sessions.TestSoundBathSessions" name="test_free_user_402_past_basic_limit_with_sound_bath" time="1.351" /></testsuite></testsuites>