<?xml version="1.0" encoding="utf-8"?><testsuites name="pytest tests"><testsuite name="pytest" errors="0" failures="0" skipped="0" tests="13" time="6.345" timestamp="2026-07-27T14:35:22.953728+00:00" hostname="agent-env-ecc48b74-f010-4ac4-ad40-4999b9ebdf0d"><testcase classname="tests.test_harmonic_blueprint_phase4" name="test_summary_admin_pro_with_seeded_profile" time="1.116" /><testcase classname="tests.test_harmonic_blueprint_phase4" name="test_summary_free_user_empty" time="0.543" /><testcase classname="tests.test_harmonic_blueprint_phase4" name="test_history_admin_pro" time="0.070" /><testcase classname="tests.test_harmonic_blueprint_phase4" name="test_history_free_returns_402" time="0.478" /><testcase classname="tests.test_harmonic_blueprint_phase4" name="test_patch_gaps_replaces_atomically" time="0.137" /><testcase classname="tests.test_harmonic_blueprint_phase4" name="test_patch_gaps_404_nonexistent" time="0.061" /><testcase classname="tests.test_harmonic_blueprint_phase4" name="test_patch_gaps_402_for_free" time="0.552" /><testcase classname="tests.test_harmonic_blueprint_phase4" name="test_compute_drift_ranks_and_caps" time="1.793" /><testcase classname="tests.test_harmonic_blueprint_phase4" name="test_compute_drift_empty_inputs" time="0.000" /><testcase classname="tests.test_harmonic_blueprint_phase4" name="test_harmonic_context_for_llm_admin" time="0.006" /><testcase classname="tests.test_harmonic_blueprint_phase4" name="test_harmonic_context_for_llm_empty_for_no_eigenmode" time="0.001" /><testcase classname="tests.test_harmonic_blueprint_phase4" name="test_legacy_migration_promotes_oldest" time="0.078" /><testcase classname="tests.test_harmonic_blueprint_phase4" name="test_ai_recommend_still_works_with_hb_context" time="0.066" /></testsuite></testsuites>