<?xml version="1.0" encoding="utf-8"?><testsuites name="pytest tests"><testsuite name="pytest" errors="0" failures="0" skipped="0" tests="24" time="11.138" timestamp="2026-06-26T17:43:57.173685+00:00" hostname="agent-env-ecc48b74-f010-4ac4-ad40-4999b9ebdf0d"><testcase classname="tests.test_subscription" name="test_plan_config_public_no_auth" time="0.182" /><testcase classname="tests.test_prefs.TestPrefs" name="test_fresh_user_empty_prefs" time="0.703" /><testcase classname="tests.test_subscription" name="test_new_user_subscription_defaults" time="0.616" /><testcase classname="tests.test_prefs.TestPrefs" name="test_auth_required_get" time="0.101" /><testcase classname="tests.test_subscription" name="test_start_trial_then_reuse_rejected" time="0.777" /><testcase classname="tests.test_prefs.TestPrefs" name="test_auth_required_put" time="0.332" /><testcase classname="tests.test_prefs.TestPrefs" name="test_put_full_payload_then_get_roundtrip" time="0.873" /><testcase classname="tests.test_subscription" name="test_session_cap_for_free_user_then_pro_unlimited" time="1.164" /><testcase classname="tests.test_prefs.TestPrefs" name="test_partial_put_merges" time="1.050" /><testcase classname="tests.test_subscription" name="test_checkout_invalid_plan_400" time="0.656" /><testcase classname="tests.test_prefs.TestPrefs" name="test_non_pro_pro_fields_stripped_then_kept_after_trial" time="2.230" /><testcase classname="tests.test_subscription" name="test_change_password_then_login_with_new" time="1.861" /><testcase classname="tests.test_subscription" name="test_admin_prices_non_admin_403" time="0.715" /><testcase classname="tests.test_prefs.TestPrefs" name="test_validation_422[payload0]" time="0.677" /><testcase classname="tests.test_prefs.TestPrefs" name="test_validation_422[payload1]" time="0.614" /><testcase classname="tests.test_subscription" name="test_admin_prices_update_persists_and_reflected_in_public_config" time="1.139" /><testcase classname="tests.test_prefs.TestPrefs" name="test_validation_422[payload2]" time="0.447" /><testcase classname="tests.test_prefs.TestPrefs" name="test_validation_422[payload3]" time="0.574" /><testcase classname="tests.test_prefs.TestPaymentsStatusPlan" name="test_status_returns_plan_field" time="2.114" /><testcase classname="tests.test_prefs.TestPrefs" name="test_validation_422[payload4]" time="1.015" /><testcase classname="tests.test_prefs.TestPrefs" name="test_validation_422[payload5]" time="0.604" /><testcase classname="tests.test_prefs.TestPrefs" name="test_validation_422[payload6]" time="0.432" /><testcase classname="tests.test_prefs.TestPrefs" name="test_validation_422[payload7]" time="0.436" /><testcase classname="tests.test_prefs.TestPrefs" name="test_validation_422[payload8]" time="0.480" /></testsuite></testsuites>