<?xml version="1.0" encoding="utf-8"?><testsuites name="pytest tests"><testsuite name="pytest" errors="0" failures="0" skipped="0" tests="3" time="2.710" timestamp="2026-08-01T13:20:22.189882+00:00" hostname="agent-env-ecc48b74-f010-4ac4-ad40-4999b9ebdf0d"><testcase classname="tests.test_patterns_redismiss" name="test_dismissed_pattern_stays_hidden_until_7_new_sessions" time="0.567" /><testcase classname="tests.test_patterns_redismiss" name="test_manual_reset_clears_dismissals_immediately" time="0.508" /><testcase classname="tests.test_patterns_redismiss" name="test_legacy_dismissed_list_is_migrated_into_7_session_window" time="0.514" /></testsuite></testsuites>