<?xml version="1.0" encoding="utf-8"?><testsuites name="pytest tests"><testsuite name="pytest" errors="0" failures="0" skipped="0" tests="11" time="2.001" timestamp="2026-07-27T01:13:46.303846+00:00" hostname="agent-env-ecc48b74-f010-4ac4-ad40-4999b9ebdf0d"><testcase classname="tests.test_harmonic_blueprint" name="test_get_requires_auth" time="0.129" /><testcase classname="tests.test_harmonic_blueprint" name="test_post_requires_auth" time="0.108" /><testcase classname="tests.test_harmonic_blueprint" name="test_free_user_get_returns_402" time="0.365" /><testcase classname="tests.test_harmonic_blueprint" name="test_free_user_post_returns_402" time="0.044" /><testcase classname="tests.test_harmonic_blueprint" name="test_admin_post_and_get" time="0.461" /><testcase classname="tests.test_harmonic_blueprint" name="test_admin_delete" time="0.147" /><testcase classname="tests.test_harmonic_blueprint" name="test_reject_oversize_spectrum" time="0.075" /><testcase classname="tests.test_harmonic_blueprint" name="test_reject_duration_over_60" time="0.048" /><testcase classname="tests.test_harmonic_blueprint" name="test_reject_duration_zero_or_negative" time="0.045" /><testcase classname="tests.test_harmonic_blueprint" name="test_retention_keeps_only_five" time="0.161" /><testcase classname="tests.test_harmonic_blueprint" name="test_rate_limit_after_burst" time="0.341" /></testsuite></testsuites>