<?xml version="1.0" encoding="utf-8"?><testsuites name="pytest tests"><testsuite name="pytest" errors="0" failures="0" skipped="0" tests="13" time="13.690" timestamp="2026-07-29T11:52:45.049062+00:00" hostname="agent-env-ecc48b74-f010-4ac4-ad40-4999b9ebdf0d"><testcase classname="tests.test_patterns" name="test_cold_start_returns_empty_below_3_rows" time="0.668" /><testcase classname="tests.test_patterns" name="test_top_frequency_pattern_fires" time="0.438" /><testcase classname="tests.test_patterns" name="test_top_frequency_not_fires_when_no_dominance" time="0.477" /><testcase classname="tests.test_patterns" name="test_preferred_time_of_day_fires" time="0.410" /><testcase classname="tests.test_patterns" name="test_mood_at_time_pattern_fires" time="0.431" /><testcase classname="tests.test_patterns" name="test_unused_soundscapes_pattern_fires" time="0.486" /><testcase classname="tests.test_patterns" name="test_unused_soundscapes_requires_5_sessions" time="0.643" /><testcase classname="tests.test_patterns" name="test_extension_favorite_pattern_fires" time="0.421" /><testcase classname="tests.test_patterns" name="test_extension_favorite_not_fires_when_ended_early" time="0.475" /><testcase classname="tests.test_patterns" name="test_dismiss_and_clear_flow" time="0.729" /><testcase classname="tests.test_patterns" name="test_dismiss_key_with_special_chars_url_encoded" time="0.458" /><testcase classname="tests.test_patterns" name="test_patterns_endpoints_require_auth" time="0.310" /><testcase classname="tests.test_patterns" name="test_agent_chat_ok_with_patterns_present" time="6.911" /></testsuite></testsuites>