<?xml version="1.0" encoding="utf-8"?><testsuites name="pytest tests"><testsuite name="pytest" errors="0" failures="0" skipped="0" tests="32" time="9.863" timestamp="2026-08-10T20:12:29.259246+00:00" hostname="agent-env-ecc48b74-f010-4ac4-ad40-4999b9ebdf0d"><testcase classname="tests.test_resend_from_address" name="test_env_sender_email_is_solarisounds" time="0.001" /><testcase classname="tests.test_resend_from_address" name="test_module_resolves_sender_at_import_time" time="1.961" /><testcase classname="tests.test_resend_from_address" name="test_no_hardcoded_onboarding_sender_in_send_calls" time="0.001" /><testcase classname="tests.test_resend_from_address" name="test_register_fires_admin_alert_and_welcome_email" time="0.239" /><testcase classname="tests.test_resend_from_address" name="test_support_contact_sends_admin_and_user_ack" time="0.289" /><testcase classname="tests.test_resend_from_address" name="test_forgot_password_uses_solarisounds_from" time="0.058" /><testcase classname="tests.test_resend_from_address" name="test_flows_noop_when_resend_disabled" time="0.234" /><testcase classname="tests.test_resend_from_address" name="test_support_ack_falls_back_to_account_email" time="0.289" /><testcase classname="tests.test_support_contact" name="test_no_auth_returns_401" time="0.254" /><testcase classname="tests.test_support_contact" name="test_unknown_reason_400" time="0.507" /><testcase classname="tests.test_support_contact" name="test_short_message_422" time="0.136" /><testcase classname="tests.test_support_contact" name="test_valid_send_returns_200_and_persists" time="0.364" /><testcase classname="tests.test_support_contact" name="test_html_injection_stored_raw" time="0.341" /><testcase classname="tests.test_support_contact" name="test_rate_limit_429_within_4_rapid_sends" time="0.718" /><testcase classname="tests.test_admin_support_inbox.TestAuthGate" name="test_unauth_returns_401" time="0.240" /><testcase classname="tests.test_admin_support_inbox.TestAuthGate" name="test_non_admin_returns_403" time="0.609" /><testcase classname="tests.test_admin_support_inbox.TestListing" name="test_list_all_shape" time="0.653" /><testcase classname="tests.test_admin_support_inbox.TestListing" name="test_list_open_only" time="0.139" /><testcase classname="tests.test_admin_support_inbox.TestListing" name="test_list_resolved_only" time="0.131" /><testcase classname="tests.test_admin_support_inbox.TestListing" name="test_search_q_filter" time="0.138" /><testcase classname="tests.test_admin_support_inbox.TestListing" name="test_pagination_limit_caps_at_100" time="0.128" /><testcase classname="tests.test_admin_support_inbox.TestListing" name="test_pagination_skip" time="0.108" /><testcase classname="tests.test_admin_support_inbox.TestResolveReopen" name="test_resolve_and_idempotent" time="0.393" /><testcase classname="tests.test_admin_support_inbox.TestResolveReopen" name="test_reopen" time="0.142" /><testcase classname="tests.test_admin_support_inbox.TestResolveReopen" name="test_resolve_unknown_404" time="0.152" /><testcase classname="tests.test_admin_support_inbox.TestResolveReopen" name="test_reopen_unknown_404" time="0.150" /><testcase classname="tests.test_admin_support_inbox.TestReply" name="test_reply_appends_and_marks_resolved" time="0.281" /><testcase classname="tests.test_admin_support_inbox.TestReply" name="test_reply_no_mark_resolved_stays_open" time="0.264" /><testcase classname="tests.test_admin_support_inbox.TestReply" name="test_reply_too_short_422" time="0.142" /><testcase classname="tests.test_admin_support_inbox.TestReply" name="test_reply_unknown_id_404" time="0.114" /><testcase classname="tests.test_admin_support_inbox.TestDelete" name="test_delete_and_confirm_removed" time="0.387" /><testcase classname="tests.test_admin_support_inbox.TestDelete" name="test_delete_unknown_404" time="0.117" /></testsuite></testsuites>