<?xml version="1.0" encoding="utf-8"?><testsuites name="pytest tests"><testsuite name="pytest" errors="0" failures="0" skipped="0" tests="10" time="4.862" timestamp="2026-06-30T02:23:40.130179+00:00" hostname="agent-env-ecc48b74-f010-4ac4-ad40-4999b9ebdf0d"><testcase classname="tests.test_hearing_profile.TestGetHearingProfile" name="test_get_after_delete_returns_null" time="0.531" /><testcase classname="tests.test_hearing_profile.TestGetHearingProfile" name="test_get_without_auth_returns_401" time="0.152" /><testcase classname="tests.test_hearing_profile.TestPostCalibration" name="test_full_calibration_with_mixed_heard" time="0.168" /><testcase classname="tests.test_hearing_profile.TestPostCalibration" name="test_out_of_range_band_ignored_fallback_to_canonical" time="0.103" /><testcase classname="tests.test_hearing_profile.TestPostSkipped" name="test_skipped_stub" time="0.157" /><testcase classname="tests.test_hearing_profile.TestPostInvalid" name="test_empty_body_returns_400" time="0.101" /><testcase classname="tests.test_hearing_profile.TestPostInvalid" name="test_no_auth_returns_401" time="0.147" /><testcase classname="tests.test_hearing_profile.TestDelete" name="test_delete_then_get_null" time="0.168" /><testcase classname="tests.test_hearing_profile.TestAgentRegression" name="test_agent_chat_ping" time="3.201" /><testcase classname="tests.test_hearing_profile.TestAgentRegression" name="test_agent_checkin_ping" time="0.050" /></testsuite></testsuites>