<?xml version="1.0" encoding="utf-8"?><testsuites name="pytest tests"><testsuite name="pytest" errors="0" failures="0" skipped="0" tests="9" time="4.683" timestamp="2026-08-06T11:56:57.678485+00:00" hostname="agent-env-ecc48b74-f010-4ac4-ad40-4999b9ebdf0d"><testcase classname="tests.test_before_after" name="test_before_after_requires_auth" time="0.039" /><testcase classname="tests.test_before_after" name="test_before_after_free_user_402" time="0.248" /><testcase classname="tests.test_before_after" name="test_before_after_no_baseline" time="0.559" /><testcase classname="tests.test_before_after" name="test_before_after_eigenmode_only" time="0.480" /><testcase classname="tests.test_before_after" name="test_before_after_full_shape_and_classification" time="0.474" /><testcase classname="tests.test_before_after" name="test_before_after_celebration_flag_on_fifth_session" time="0.477" /><testcase classname="tests.test_before_after" name="test_before_after_ignores_captures_older_than_baseline" time="0.474" /><testcase classname="tests.test_before_after" name="test_before_after_uses_only_post_baseline_captures" time="0.481" /><testcase classname="tests.test_before_after" name="test_before_after_first_time_vs_reset_baseline_copy" time="0.485" /></testsuite></testsuites>