<?xml version="1.0" encoding="utf-8"?><testsuites name="pytest tests"><testsuite name="pytest" errors="0" failures="0" skipped="0" tests="9" time="3.926" timestamp="2026-07-26T22:43:43.913145+00:00" hostname="agent-env-ecc48b74-f010-4ac4-ad40-4999b9ebdf0d"><testcase classname="tests.test_legacy_pro_migration" name="test_legacy_pro_expires_at_future_grants_pro" time="0.280" /><testcase classname="tests.test_legacy_pro_migration" name="test_legacy_pro_expires_at_past_denies_pro" time="0.299" /><testcase classname="tests.test_legacy_pro_migration" name="test_legacy_pro_expires_at_zulu_suffix" time="0.273" /><testcase classname="tests.test_legacy_pro_migration" name="test_legacy_user_free_session_cap_lifted" time="0.452" /><testcase classname="tests.test_legacy_pro_migration" name="test_migrate_legacy_non_admin_forbidden" time="0.273" /><testcase classname="tests.test_legacy_pro_migration" name="test_migrate_legacy_promotes_fields" time="0.787" /><testcase classname="tests.test_legacy_pro_migration" name="test_migrate_legacy_idempotent" time="0.571" /><testcase classname="tests.test_legacy_pro_migration" name="test_migrate_legacy_preserves_existing_pro_source" time="0.527" /><testcase classname="tests.test_legacy_pro_migration" name="test_welcome30_redemption_writes_canonical" time="0.318" /></testsuite></testsuites>