<?xml version="1.0" encoding="utf-8"?><testsuites name="pytest tests"><testsuite name="pytest" errors="0" failures="0" skipped="1" tests="8" time="1.663" timestamp="2026-08-01T01:15:49.896442+00:00" hostname="agent-env-ecc48b74-f010-4ac4-ad40-4999b9ebdf0d"><testcase classname="tests.test_gap_progress" name="test_gap_progress_requires_auth" time="0.004" /><testcase classname="tests.test_gap_progress" name="test_gap_progress_free_user_402" time="0.275" /><testcase classname="tests.test_gap_progress" name="test_gap_progress_shape" time="0.270" /><testcase classname="tests.test_gap_progress" name="test_gap_progress_trend_classification" time="0.004" /><testcase classname="tests.test_gap_progress" name="test_gap_progress_timeline_is_chronological" time="0.003"><skipped type="pytest.skip" message="not enough timeline entries to assert ordering">/app/backend/tests/test_gap_progress.py:99: not enough timeline entries to assert ordering</skipped></testcase><testcase classname="tests.test_gap_progress" name="test_gap_progress_summary_shape" time="0.004" /><testcase classname="tests.test_gap_progress_seeded" name="test_seeded_pro_full_payload" time="0.476" /><testcase classname="tests.test_gap_progress_seeded" name="test_seeded_pro_empty_state" time="0.468" /></testsuite></testsuites>