<?xml version="1.0" encoding="utf-8"?><testsuites name="pytest tests"><testsuite name="pytest" errors="0" failures="0" skipped="0" tests="6" time="69.458" timestamp="2026-06-26T16:28:55.558391+00:00" hostname="agent-env-ecc48b74-f010-4ac4-ad40-4999b9ebdf0d"><testcase classname="tests.test_profile_update" name="test_update_profile_with_valid_name" time="0.543" /><testcase classname="tests.test_profile_update" name="test_update_profile_empty_string_rejected" time="0.047" /><testcase classname="tests.test_profile_update" name="test_update_profile_whitespace_rejected" time="0.044" /><testcase classname="tests.test_profile_update" name="test_update_profile_too_long_rejected" time="0.044" /><testcase classname="tests.test_profile_update" name="test_update_profile_requires_auth" time="68.066" /><testcase classname="tests.test_profile_update" name="test_zz_restore_admin_name" time="0.139" /></testsuite></testsuites>