<?xml version="1.0" encoding="utf-8"?><testsuites name="pytest tests"><testsuite name="pytest" errors="0" failures="0" skipped="0" tests="14" time="9.504" timestamp="2026-07-26T22:12:29.474859+00:00" hostname="agent-env-ecc48b74-f010-4ac4-ad40-4999b9ebdf0d"><testcase classname="tests.test_promo_redeem" name="test_validate_welcome30" time="0.495" /><testcase classname="tests.test_promo_redeem" name="test_validate_lowercase_ok" time="0.404" /><testcase classname="tests.test_promo_redeem" name="test_validate_unknown" time="0.445" /><testcase classname="tests.test_promo_redeem" name="test_redeem_welcome30_grants_pro" time="0.513" /><testcase classname="tests.test_promo_redeem" name="test_double_redemption_blocked" time="0.421" /><testcase classname="tests.test_promo_redeem" name="test_free_session_cap_lifted_after_redemption" time="0.719" /><testcase classname="tests.test_promo_redeem" name="test_redeem_unknown_code" time="0.407" /><testcase classname="tests.test_promo_redeem" name="test_redeem_inactive_code" time="0.884" /><testcase classname="tests.test_promo_redeem" name="test_redeem_max_uses_hit" time="1.242" /><testcase classname="tests.test_promo_redeem" name="test_discount_code_not_redeemable_here" time="0.372" /><testcase classname="tests.test_promo_redeem" name="test_comp_stacks_additively" time="0.929" /><testcase classname="tests.test_promo_redeem" name="test_regression_free_user_stays_free" time="0.370" /><testcase classname="tests.test_promo_redeem" name="test_regression_admin_pro_no_promo_source" time="0.938" /><testcase classname="tests.test_promo_redeem" name="test_admin_redemption_count_increments" time="0.813" /></testsuite></testsuites>