<?xml version="1.0" encoding="utf-8"?><testsuites name="pytest tests"><testsuite name="pytest" errors="0" failures="0" skipped="0" tests="14" time="8.932" timestamp="2026-07-26T22:18:52.504106+00:00" hostname="agent-env-ecc48b74-f010-4ac4-ad40-4999b9ebdf0d"><testcase classname="tests.test_promo_redeem" name="test_validate_welcome30" time="0.481" /><testcase classname="tests.test_promo_redeem" name="test_validate_lowercase_ok" time="0.414" /><testcase classname="tests.test_promo_redeem" name="test_validate_unknown" time="0.398" /><testcase classname="tests.test_promo_redeem" name="test_redeem_welcome30_grants_pro" time="0.465" /><testcase classname="tests.test_promo_redeem" name="test_double_redemption_blocked" time="0.424" /><testcase classname="tests.test_promo_redeem" name="test_free_session_cap_lifted_after_redemption" time="0.764" /><testcase classname="tests.test_promo_redeem" name="test_redeem_unknown_code" time="0.385" /><testcase classname="tests.test_promo_redeem" name="test_redeem_inactive_code" time="0.944" /><testcase classname="tests.test_promo_redeem" name="test_redeem_max_uses_hit" time="1.232" /><testcase classname="tests.test_promo_redeem" name="test_discount_code_not_redeemable_here" time="0.385" /><testcase classname="tests.test_promo_redeem" name="test_comp_stacks_additively" time="0.928" /><testcase classname="tests.test_promo_redeem" name="test_regression_free_user_stays_free" time="0.374" /><testcase classname="tests.test_promo_redeem" name="test_regression_admin_pro_no_promo_source" time="0.366" /><testcase classname="tests.test_promo_redeem" name="test_admin_redemption_count_increments" time="0.828" /></testsuite></testsuites>