<?xml version="1.0" encoding="utf-8"?><testsuites name="pytest tests"><testsuite name="pytest" errors="0" failures="1" skipped="0" tests="11" time="3.664" timestamp="2026-07-26T22:58:35.668290+00:00" hostname="agent-env-ecc48b74-f010-4ac4-ad40-4999b9ebdf0d"><testcase classname="tests.test_password_reset.TestResetPassword" name="test_invalid_token" time="0.232" /><testcase classname="tests.test_password_reset.TestForgotPassword" name="test_nonexistent_email_generic_response" time="0.238" /><testcase classname="tests.test_password_reset.TestResetPassword" name="test_tampered_token" time="0.328" /><testcase classname="tests.test_password_reset.TestForgotPassword" name="test_existing_email_same_generic_response" time="0.434" /><testcase classname="tests.test_password_reset.TestResetPassword" name="test_short_password_rejected" time="0.098" /><testcase classname="tests.test_password_reset.TestForgotPassword" name="test_invalid_email_format" time="0.330" /><testcase classname="tests.test_password_reset.TestResetPassword" name="test_expired_token" time="0.457" /><testcase classname="tests.test_password_reset.TestRateLimit" name="test_forgot_password_email_rate_limit" time="0.652" /><testcase classname="tests.test_password_reset.TestResetPassword" name="test_wrong_type_token" time="0.093" /><testcase classname="tests.test_password_reset.TestResetPassword" name="test_e2e_reset_flow_and_reuse" time="1.254" /><testcase classname="tests.test_password_reset.TestRegressionAuth" name="test_register_login_me_flow" time="1.227"><failure message="AssertionError: assert 'test_reg_3cfc43@example.com' == 'TEST_reg_3cfc43@example.com'&#10;  &#10;  - TEST_reg_3cfc43@example.com&#10;  ? ^^^^&#10;  + test_reg_3cfc43@example.com&#10;  ? ^^^^">backend/tests/test_password_reset.py:197: in test_register_login_me_flow
    assert me.json()["email"] == email
E   AssertionError: assert 'test_reg_3cfc43@example.com' == 'TEST_reg_3cfc43@example.com'
E     
E     - TEST_reg_3cfc43@example.com
E     ? ^^^^
E     + test_reg_3cfc43@example.com
E     ? ^^^^</failure></testcase></testsuite></testsuites>