<?xml version="1.0" encoding="utf-8"?><testsuites name="pytest tests"><testsuite name="pytest" errors="0" failures="0" skipped="0" tests="7" time="2.329" timestamp="2026-06-25T23:08:11.266325+00:00" hostname="agent-env-ecc48b74-f010-4ac4-ad40-4999b9ebdf0d"><testcase classname="tests.test_streak" name="test_admin_login_works" time="0.380" /><testcase classname="tests.test_streak" name="test_streak_requires_auth_get" time="0.133" /><testcase classname="tests.test_streak" name="test_streak_requires_auth_post" time="0.098" /><testcase classname="tests.test_streak" name="test_streak_initial_state_for_new_user" time="0.425" /><testcase classname="tests.test_streak" name="test_streak_first_checkin" time="0.233" /><testcase classname="tests.test_streak" name="test_streak_same_day_checkin_does_not_increment" time="0.142" /><testcase classname="tests.test_streak" name="test_session_crud" time="0.296" /></testsuite></testsuites>