<?xml version="1.0" encoding="utf-8"?><testsuites name="pytest tests"><testsuite name="pytest" errors="0" failures="0" skipped="0" tests="10" time="12.061" timestamp="2026-06-26T00:17:32.546756+00:00" hostname="agent-env-ecc48b74-f010-4ac4-ad40-4999b9ebdf0d"><testcase classname="tests.test_subscription" name="test_plan_config_public_no_auth" time="0.238" /><testcase classname="tests.test_subscription" name="test_new_user_subscription_defaults" time="0.722" /><testcase classname="tests.test_subscription" name="test_start_trial_then_reuse_rejected" time="0.706" /><testcase classname="tests.test_subscription" name="test_session_cap_for_free_user_then_pro_unlimited" time="2.378" /><testcase classname="tests.test_subscription" name="test_checkout_monthly_creates_transaction" time="1.275" /><testcase classname="tests.test_subscription" name="test_checkout_annual_creates_transaction" time="1.154" /><testcase classname="tests.test_subscription" name="test_checkout_invalid_plan_400" time="1.131" /><testcase classname="tests.test_subscription" name="test_change_password_then_login_with_new" time="2.385" /><testcase classname="tests.test_subscription" name="test_admin_prices_non_admin_403" time="0.558" /><testcase classname="tests.test_subscription" name="test_admin_prices_update_persists_and_reflected_in_public_config" time="0.916" /></testsuite></testsuites>