<?xml version="1.0" encoding="utf-8"?><testsuites name="pytest tests"><testsuite name="pytest" errors="0" failures="0" skipped="0" tests="6" time="4.762" timestamp="2026-08-09T19:39:34.344108+00:00" hostname="agent-env-ecc48b74-f010-4ac4-ad40-4999b9ebdf0d"><testcase classname="tests.test_support_contact" name="test_no_auth_returns_401" time="0.183" /><testcase classname="tests.test_support_contact" name="test_unknown_reason_400" time="0.426" /><testcase classname="tests.test_support_contact" name="test_short_message_422" time="0.122" /><testcase classname="tests.test_support_contact" name="test_valid_send_returns_200_and_persists" time="0.377" /><testcase classname="tests.test_support_contact" name="test_html_injection_stored_raw" time="0.281" /><testcase classname="tests.test_support_contact" name="test_rate_limit_429_within_4_rapid_sends" time="3.237" /></testsuite></testsuites>