<?xml version="1.0" encoding="utf-8"?><testsuites name="pytest tests"><testsuite name="pytest" errors="0" failures="1" skipped="0" tests="34" time="6.184" timestamp="2026-08-10T22:04:47.047563+00:00" hostname="agent-env-ecc48b74-f010-4ac4-ad40-4999b9ebdf0d"><testcase classname="tests.test_reengagement_nudges.TestSendWindow" name="test_window_hours" time="1.729" /><testcase classname="tests.test_reengagement_nudges.TestSendWindow" name="test_window_9_30" time="0.000" /><testcase classname="tests.test_reengagement_nudges.TestSendWindow" name="test_window_9_59" time="0.000" /><testcase classname="tests.test_reengagement_nudges.TestSendWindow" name="test_window_10" time="0.000" /><testcase classname="tests.test_reengagement_nudges.TestNudgeTier" name="test_tiers" time="0.000" /><testcase classname="tests.test_reengagement_nudges.TestPickVariant" name="test_never_repeats" time="0.000" /><testcase classname="tests.test_reengagement_nudges.TestPickVariant" name="test_single_item_fallback" time="0.000" /><testcase classname="tests.test_reengagement_nudges.TestPickVariant" name="test_no_last" time="0.000" /><testcase classname="tests.test_reengagement_nudges.TestAuthStamps" name="test_register_stamps_last_login" time="0.578" /><testcase classname="tests.test_reengagement_nudges.TestAuthStamps" name="test_login_updates_last_login_and_reset" time="0.635" /><testcase classname="tests.test_reengagement_nudges.TestNudgeTracking" name="test_open_pixel" time="0.870" /><testcase classname="tests.test_reengagement_nudges.TestNudgeTracking" name="test_click_302_same_origin" time="0.118" /><testcase classname="tests.test_reengagement_nudges.TestNudgeTracking" name="test_click_anti_open_redirect" time="0.107" /><testcase classname="tests.test_reengagement_nudges.TestUnsubAndPrefsEmail" name="test_unsub_valid" time="0.127" /><testcase classname="tests.test_reengagement_nudges.TestUnsubAndPrefsEmail" name="test_unsub_short_400" time="0.109" /><testcase classname="tests.test_reengagement_nudges.TestUnsubAndPrefsEmail" name="test_unsub_unknown_404" time="0.113" /><testcase classname="tests.test_reengagement_nudges.TestUnsubAndPrefsEmail" name="test_prefs_weekly" time="0.111" /><testcase classname="tests.test_reengagement_nudges.TestUnsubAndPrefsEmail" name="test_prefs_off_also_unsubs" time="0.109" /><testcase classname="tests.test_reengagement_nudges.TestMePrefs" name="test_flow" time="0.508" /><testcase classname="tests.test_reengagement_nudges.TestMePrefs" name="test_off_flips_unsub" time="0.105" /><testcase classname="tests.test_reengagement_nudges.TestMePrefs" name="test_invalid_400" time="0.056" /><testcase classname="tests.test_reengagement_nudges.TestAdminEngagement" name="test_non_admin_forbidden" time="0.057" /><testcase classname="tests.test_reengagement_nudges.TestAdminEngagement" name="test_stats_shape" time="0.420" /><testcase classname="tests.test_reengagement_nudges.TestAdminEngagement" name="test_tick_endpoint" time="0.049" /><testcase classname="tests.test_reengagement_nudges.TestSchedulerFlow" name="test_tiers_and_freshness" time="0.026" /><testcase classname="tests.test_reengagement_nudges.TestSchedulerFlow" name="test_idempotency" time="0.012" /><testcase classname="tests.test_reengagement_nudges.TestSchedulerFlow" name="test_login_reset_watermark" time="0.015"><failure message="AssertionError: assert 1 == 2&#10; +  where 1 = count_documents({'user_id': '3232a277-1cf3-4ea2-a9c4-01711d3acd46'})&#10; +    where count_documents = Collection(Database(MongoClient(host=['localhost:27017'], document_class=dict, tz_aware=False, connect=True), 'test_database'), 'email_nudges').count_documents&#10; +      where Collection(Database(MongoClient(host=['localhost:27017'], document_class=dict, tz_aware=False, connect=True), 'test_database'), 'email_nudges') = Database(MongoClient(host=['localhost:27017'], document_class=dict, tz_aware=False, connect=True), 'test_database').email_nudges">tests/test_reengagement_nudges.py:521: in test_login_reset_watermark
    assert pymongo_db.email_nudges.count_documents({"user_id": u}) == 2
E   AssertionError: assert 1 == 2
E    +  where 1 = count_documents({'user_id': '3232a277-1cf3-4ea2-a9c4-01711d3acd46'})
E    +    where count_documents = Collection(Database(MongoClient(host=['localhost:27017'], document_class=dict, tz_aware=False, connect=True), 'test_database'), 'email_nudges').count_documents
E    +      where Collection(Database(MongoClient(host=['localhost:27017'], document_class=dict, tz_aware=False, connect=True), 'test_database'), 'email_nudges') = Database(MongoClient(host=['localhost:27017'], document_class=dict, tz_aware=False, connect=True), 'test_database').email_nudges</failure></testcase><testcase classname="tests.test_reengagement_nudges.TestSchedulerFlow" name="test_unsubscribed_skipped" time="0.007" /><testcase classname="tests.test_reengagement_nudges.TestSchedulerFlow" name="test_cadence_weekly_gates" time="0.006" /><testcase classname="tests.test_reengagement_nudges.TestSchedulerFlow" name="test_default_cadence_gates_72h" time="0.006" /><testcase classname="tests.test_reengagement_nudges.TestCopyAndSafety" name="test_30d_subject_and_body" time="0.008" /><testcase classname="tests.test_reengagement_nudges.TestCopyAndSafety" name="test_14d_cta_has_frequency" time="0.019" /><testcase classname="tests.test_reengagement_nudges.TestCopyAndSafety" name="test_72h_cta_no_frequency" time="0.009" /><testcase classname="tests.test_reengagement_nudges.TestCopyAndSafety" name="test_html_injection_escaped" time="0.010" /></testsuite></testsuites>